#-----------------------------------------------------------
# Vivado v2019.1 (64-bit)
# SW Build 2552052 on Fri May 24 14:49:42 MDT 2019
# IP Build 2548770 on Fri May 24 18:01:18 MDT 2019
# Start of session at: Thu Mar 13 12:10:42 2025
# Process ID: 18044
# Current directory: E:/Electronics/Vivado/I2C
# Command line: vivado.exe -gui_launcher_event rodinguilauncherevent10128 E:\Electronics\Vivado\I2C\I2C.xpr
# Log file: E:/Electronics/Vivado/I2C/vivado.log
# Journal file: E:/Electronics/Vivado/I2C\vivado.jou
#-----------------------------------------------------------
start_gui
open_project E:/Electronics/Vivado/I2C/I2C.xpr
Scanning sources...
Finished scanning sources
INFO: [IP_Flow 19-234] Refreshing IP repositories
INFO: [IP_Flow 19-1704] No user IP repositories specified
INFO: [IP_Flow 19-2313] Loaded Vivado IP repository 'C:/Xilinx/Vivado/2019.1/data/ip'.
open_project: Time (s): cpu = 00:00:05 ; elapsed = 00:00:08 . Memory (MB): peak = 786.941 ; gain = 178.992
update_compile_order -fileset sources_1
launch_simulation
INFO: [Vivado 12-5682] Launching behavioral simulation in 'E:/Electronics/Vivado/I2C/I2C.sim/sim_1/behav/xsim'
INFO: [SIM-utils-51] Simulation object is 'sim_1'
INFO: [SIM-utils-54] Inspecting design source files for 'i2c_tb' in fileset 'sim_1'...
INFO: [USF-XSim-97] Finding global include files...
INFO: [USF-XSim-98] Fetching design files from 'sim_1'...
INFO: [USF-XSim-2] XSim::Compile design
INFO: [USF-XSim-61] Executing 'COMPILE and ANALYZE' step in 'E:/Electronics/Vivado/I2C/I2C.sim/sim_1/behav/xsim'
"xvlog --incr --relax -prj i2c_tb_vlog.prj"
INFO: [USF-XSim-69] 'compile' step finished in '2' seconds
INFO: [USF-XSim-3] XSim::Elaborate design
INFO: [USF-XSim-61] Executing 'ELABORATE' step in 'E:/Electronics/Vivado/I2C/I2C.sim/sim_1/behav/xsim'
"xelab -wto 0a1c0eaee39745b288e7c8f0ab1a8a2b --incr --debug typical --relax --mt 2 -L xil_defaultlib -L unisims_ver -L unimacro_ver -L secureip --snapshot i2c_tb_behav xil_defaultlib.i2c_tb xil_defaultlib.glbl -log elaborate.log"
Vivado Simulator 2019.1
Copyright 1986-1999, 2001-2019 Xilinx, Inc. All Rights Reserved.
Running: C:/Xilinx/Vivado/2019.1/bin/unwrapped/win64.o/xelab.exe -wto 0a1c0eaee39745b288e7c8f0ab1a8a2b --incr --debug typical --relax --mt 2 -L xil_defaultlib -L unisims_ver -L unimacro_ver -L secureip --snapshot i2c_tb_behav xil_defaultlib.i2c_tb xil_defaultlib.glbl -log elaborate.log 
Using 2 slave threads.
Starting static elaboration
Completed static elaboration
INFO: [XSIM 43-4323] No Change in HDL. Linking previously generated obj files to create kernel
INFO: [USF-XSim-69] 'elaborate' step finished in '3' seconds
INFO: [USF-XSim-4] XSim::Simulate design
INFO: [USF-XSim-61] Executing 'SIMULATE' step in 'E:/Electronics/Vivado/I2C/I2C.sim/sim_1/behav/xsim'
INFO: [USF-XSim-98] *** Running xsim
   with args "i2c_tb_behav -key {Behavioral:sim_1:Functional:i2c_tb} -tclbatch {i2c_tb.tcl} -log {simulate.log}"
INFO: [USF-XSim-8] Loading simulator feature
Vivado Simulator 2019.1
Time resolution is 1 ps
source i2c_tb.tcl
# set curr_wave [current_wave_config]
# if { [string length $curr_wave] == 0 } {
#   if { [llength [get_objects]] > 0} {
#     add_wave /
#     set_property needs_save false [current_wave_config]
#   } else {
#      send_msg_id Add_Wave-1 WARNING "No top level signals found. Simulator will start without a wave window. If you want to open a wave window go to 'File->New Waveform Configuration' or type 'create_wave_config' in the TCL console."
#   }
# }
# run 1000ns
INFO: [USF-XSim-96] XSim completed. Design snapshot 'i2c_tb_behav' loaded.
INFO: [USF-XSim-97] XSim simulation ran for 1000ns
launch_simulation: Time (s): cpu = 00:00:03 ; elapsed = 00:00:08 . Memory (MB): peak = 819.160 ; gain = 17.164
relaunch_sim
INFO: [Vivado 12-5682] Launching behavioral simulation in 'E:/Electronics/Vivado/I2C/I2C.sim/sim_1/behav/xsim'
INFO: [SIM-utils-51] Simulation object is 'sim_1'
INFO: [SIM-utils-54] Inspecting design source files for 'i2c_tb' in fileset 'sim_1'...
INFO: [USF-XSim-97] Finding global include files...
INFO: [USF-XSim-98] Fetching design files from 'sim_1'...
INFO: [USF-XSim-2] XSim::Compile design
INFO: [USF-XSim-61] Executing 'COMPILE and ANALYZE' step in 'E:/Electronics/Vivado/I2C/I2C.sim/sim_1/behav/xsim'
"xvlog --incr --relax -prj i2c_tb_vlog.prj"
INFO: [USF-XSim-69] 'compile' step finished in '1' seconds
INFO: [Vivado 12-5682] Launching behavioral simulation in 'E:/Electronics/Vivado/I2C/I2C.sim/sim_1/behav/xsim'
INFO: [USF-XSim-3] XSim::Elaborate design
INFO: [USF-XSim-61] Executing 'ELABORATE' step in 'E:/Electronics/Vivado/I2C/I2C.sim/sim_1/behav/xsim'
"xelab -wto 0a1c0eaee39745b288e7c8f0ab1a8a2b --incr --debug typical --relax --mt 2 -L xil_defaultlib -L unisims_ver -L unimacro_ver -L secureip --snapshot i2c_tb_behav xil_defaultlib.i2c_tb xil_defaultlib.glbl -log elaborate.log"
Vivado Simulator 2019.1
Copyright 1986-1999, 2001-2019 Xilinx, Inc. All Rights Reserved.
Running: C:/Xilinx/Vivado/2019.1/bin/unwrapped/win64.o/xelab.exe -wto 0a1c0eaee39745b288e7c8f0ab1a8a2b --incr --debug typical --relax --mt 2 -L xil_defaultlib -L unisims_ver -L unimacro_ver -L secureip --snapshot i2c_tb_behav xil_defaultlib.i2c_tb xil_defaultlib.glbl -log elaborate.log 
Using 2 slave threads.
Starting static elaboration
Completed static elaboration
INFO: [XSIM 43-4323] No Change in HDL. Linking previously generated obj files to create kernel
INFO: [USF-XSim-69] 'elaborate' step finished in '1' seconds
Vivado Simulator 2019.1
Time resolution is 1 ps
relaunch_sim: Time (s): cpu = 00:00:01 ; elapsed = 00:00:07 . Memory (MB): peak = 872.664 ; gain = 0.000
relaunch_sim
INFO: [Vivado 12-5682] Launching behavioral simulation in 'E:/Electronics/Vivado/I2C/I2C.sim/sim_1/behav/xsim'
INFO: [SIM-utils-51] Simulation object is 'sim_1'
INFO: [SIM-utils-54] Inspecting design source files for 'i2c_tb' in fileset 'sim_1'...
INFO: [USF-XSim-97] Finding global include files...
INFO: [USF-XSim-98] Fetching design files from 'sim_1'...
INFO: [USF-XSim-2] XSim::Compile design
INFO: [USF-XSim-61] Executing 'COMPILE and ANALYZE' step in 'E:/Electronics/Vivado/I2C/I2C.sim/sim_1/behav/xsim'
"xvlog --incr --relax -prj i2c_tb_vlog.prj"
INFO: [VRFC 10-2263] Analyzing Verilog file "E:/Electronics/Vivado/I2C/I2C.srcs/sources_1/new/I2C_master.v" into library xil_defaultlib
INFO: [VRFC 10-311] analyzing module I2C_master
INFO: [VRFC 10-2263] Analyzing Verilog file "E:/Electronics/Vivado/I2C/I2C.srcs/sources_1/new/I2C_slave.v" into library xil_defaultlib
INFO: [VRFC 10-311] analyzing module I2C_slave
INFO: [VRFC 10-2263] Analyzing Verilog file "E:/Electronics/Vivado/I2C/I2C.srcs/sim_1/new/i2c_tb.v" into library xil_defaultlib
INFO: [VRFC 10-311] analyzing module i2c_tb
INFO: [USF-XSim-69] 'compile' step finished in '1' seconds
INFO: [Vivado 12-5682] Launching behavioral simulation in 'E:/Electronics/Vivado/I2C/I2C.sim/sim_1/behav/xsim'
INFO: [USF-XSim-3] XSim::Elaborate design
INFO: [USF-XSim-61] Executing 'ELABORATE' step in 'E:/Electronics/Vivado/I2C/I2C.sim/sim_1/behav/xsim'
"xelab -wto 0a1c0eaee39745b288e7c8f0ab1a8a2b --incr --debug typical --relax --mt 2 -L xil_defaultlib -L unisims_ver -L unimacro_ver -L secureip --snapshot i2c_tb_behav xil_defaultlib.i2c_tb xil_defaultlib.glbl -log elaborate.log"
Vivado Simulator 2019.1
Copyright 1986-1999, 2001-2019 Xilinx, Inc. All Rights Reserved.
Running: C:/Xilinx/Vivado/2019.1/bin/unwrapped/win64.o/xelab.exe -wto 0a1c0eaee39745b288e7c8f0ab1a8a2b --incr --debug typical --relax --mt 2 -L xil_defaultlib -L unisims_ver -L unimacro_ver -L secureip --snapshot i2c_tb_behav xil_defaultlib.i2c_tb xil_defaultlib.glbl -log elaborate.log 
Using 2 slave threads.
Starting static elaboration
Completed static elaboration
Starting simulation data flow analysis
Completed simulation data flow analysis
Time Resolution for simulation is 1ps
Compiling module xil_defaultlib.I2C_master
Compiling module xil_defaultlib.I2C_slave
Compiling module xil_defaultlib.i2c_tb
Compiling module xil_defaultlib.glbl
Built simulation snapshot i2c_tb_behav
INFO: [USF-XSim-69] 'elaborate' step finished in '3' seconds
Vivado Simulator 2019.1
Time resolution is 1 ps
relaunch_sim: Time (s): cpu = 00:00:01 ; elapsed = 00:00:11 . Memory (MB): peak = 872.664 ; gain = 0.000
relaunch_sim
INFO: [Vivado 12-5682] Launching behavioral simulation in 'E:/Electronics/Vivado/I2C/I2C.sim/sim_1/behav/xsim'
INFO: [SIM-utils-51] Simulation object is 'sim_1'
INFO: [SIM-utils-54] Inspecting design source files for 'i2c_tb' in fileset 'sim_1'...
INFO: [USF-XSim-97] Finding global include files...
INFO: [USF-XSim-98] Fetching design files from 'sim_1'...
INFO: [USF-XSim-2] XSim::Compile design
INFO: [USF-XSim-61] Executing 'COMPILE and ANALYZE' step in 'E:/Electronics/Vivado/I2C/I2C.sim/sim_1/behav/xsim'
"xvlog --incr --relax -prj i2c_tb_vlog.prj"
INFO: [VRFC 10-2263] Analyzing Verilog file "E:/Electronics/Vivado/I2C/I2C.srcs/sources_1/new/I2C_master.v" into library xil_defaultlib
INFO: [VRFC 10-311] analyzing module I2C_master
INFO: [VRFC 10-2263] Analyzing Verilog file "E:/Electronics/Vivado/I2C/I2C.srcs/sources_1/new/I2C_slave.v" into library xil_defaultlib
INFO: [VRFC 10-311] analyzing module I2C_slave
INFO: [VRFC 10-2263] Analyzing Verilog file "E:/Electronics/Vivado/I2C/I2C.srcs/sim_1/new/i2c_tb.v" into library xil_defaultlib
INFO: [VRFC 10-311] analyzing module i2c_tb
INFO: [USF-XSim-69] 'compile' step finished in '2' seconds
INFO: [Vivado 12-5682] Launching behavioral simulation in 'E:/Electronics/Vivado/I2C/I2C.sim/sim_1/behav/xsim'
INFO: [USF-XSim-3] XSim::Elaborate design
INFO: [USF-XSim-61] Executing 'ELABORATE' step in 'E:/Electronics/Vivado/I2C/I2C.sim/sim_1/behav/xsim'
"xelab -wto 0a1c0eaee39745b288e7c8f0ab1a8a2b --incr --debug typical --relax --mt 2 -L xil_defaultlib -L unisims_ver -L unimacro_ver -L secureip --snapshot i2c_tb_behav xil_defaultlib.i2c_tb xil_defaultlib.glbl -log elaborate.log"
Vivado Simulator 2019.1
Copyright 1986-1999, 2001-2019 Xilinx, Inc. All Rights Reserved.
Running: C:/Xilinx/Vivado/2019.1/bin/unwrapped/win64.o/xelab.exe -wto 0a1c0eaee39745b288e7c8f0ab1a8a2b --incr --debug typical --relax --mt 2 -L xil_defaultlib -L unisims_ver -L unimacro_ver -L secureip --snapshot i2c_tb_behav xil_defaultlib.i2c_tb xil_defaultlib.glbl -log elaborate.log 
Using 2 slave threads.
Starting static elaboration
Completed static elaboration
Starting simulation data flow analysis
Completed simulation data flow analysis
Time Resolution for simulation is 1ps
Compiling module xil_defaultlib.I2C_master
Compiling module xil_defaultlib.I2C_slave
Compiling module xil_defaultlib.i2c_tb
Compiling module xil_defaultlib.glbl
Built simulation snapshot i2c_tb_behav
INFO: [USF-XSim-69] 'elaborate' step finished in '1' seconds
Vivado Simulator 2019.1
Time resolution is 1 ps
relaunch_sim: Time (s): cpu = 00:00:01 ; elapsed = 00:00:10 . Memory (MB): peak = 872.664 ; gain = 0.000
relaunch_sim
INFO: [Vivado 12-5682] Launching behavioral simulation in 'E:/Electronics/Vivado/I2C/I2C.sim/sim_1/behav/xsim'
INFO: [SIM-utils-51] Simulation object is 'sim_1'
INFO: [SIM-utils-54] Inspecting design source files for 'i2c_tb' in fileset 'sim_1'...
INFO: [USF-XSim-97] Finding global include files...
INFO: [USF-XSim-98] Fetching design files from 'sim_1'...
INFO: [USF-XSim-2] XSim::Compile design
INFO: [USF-XSim-61] Executing 'COMPILE and ANALYZE' step in 'E:/Electronics/Vivado/I2C/I2C.sim/sim_1/behav/xsim'
"xvlog --incr --relax -prj i2c_tb_vlog.prj"
INFO: [VRFC 10-2263] Analyzing Verilog file "E:/Electronics/Vivado/I2C/I2C.srcs/sources_1/new/I2C_master.v" into library xil_defaultlib
INFO: [VRFC 10-311] analyzing module I2C_master
INFO: [VRFC 10-2263] Analyzing Verilog file "E:/Electronics/Vivado/I2C/I2C.srcs/sources_1/new/I2C_slave.v" into library xil_defaultlib
INFO: [VRFC 10-311] analyzing module I2C_slave
INFO: [VRFC 10-2263] Analyzing Verilog file "E:/Electronics/Vivado/I2C/I2C.srcs/sim_1/new/i2c_tb.v" into library xil_defaultlib
INFO: [VRFC 10-311] analyzing module i2c_tb
INFO: [USF-XSim-69] 'compile' step finished in '2' seconds
INFO: [Vivado 12-5682] Launching behavioral simulation in 'E:/Electronics/Vivado/I2C/I2C.sim/sim_1/behav/xsim'
INFO: [USF-XSim-3] XSim::Elaborate design
INFO: [USF-XSim-61] Executing 'ELABORATE' step in 'E:/Electronics/Vivado/I2C/I2C.sim/sim_1/behav/xsim'
"xelab -wto 0a1c0eaee39745b288e7c8f0ab1a8a2b --incr --debug typical --relax --mt 2 -L xil_defaultlib -L unisims_ver -L unimacro_ver -L secureip --snapshot i2c_tb_behav xil_defaultlib.i2c_tb xil_defaultlib.glbl -log elaborate.log"
Vivado Simulator 2019.1
Copyright 1986-1999, 2001-2019 Xilinx, Inc. All Rights Reserved.
Running: C:/Xilinx/Vivado/2019.1/bin/unwrapped/win64.o/xelab.exe -wto 0a1c0eaee39745b288e7c8f0ab1a8a2b --incr --debug typical --relax --mt 2 -L xil_defaultlib -L unisims_ver -L unimacro_ver -L secureip --snapshot i2c_tb_behav xil_defaultlib.i2c_tb xil_defaultlib.glbl -log elaborate.log 
Using 2 slave threads.
Starting static elaboration
Completed static elaboration
Starting simulation data flow analysis
Completed simulation data flow analysis
Time Resolution for simulation is 1ps
Compiling module xil_defaultlib.I2C_master
Compiling module xil_defaultlib.I2C_slave
Compiling module xil_defaultlib.i2c_tb
Compiling module xil_defaultlib.glbl
Built simulation snapshot i2c_tb_behav
INFO: [USF-XSim-69] 'elaborate' step finished in '3' seconds
Vivado Simulator 2019.1
Time resolution is 1 ps
relaunch_sim: Time (s): cpu = 00:00:01 ; elapsed = 00:00:12 . Memory (MB): peak = 894.297 ; gain = 0.000
relaunch_sim
INFO: [Vivado 12-5682] Launching behavioral simulation in 'E:/Electronics/Vivado/I2C/I2C.sim/sim_1/behav/xsim'
INFO: [SIM-utils-51] Simulation object is 'sim_1'
INFO: [SIM-utils-54] Inspecting design source files for 'i2c_tb' in fileset 'sim_1'...
INFO: [USF-XSim-97] Finding global include files...
INFO: [USF-XSim-98] Fetching design files from 'sim_1'...
INFO: [USF-XSim-2] XSim::Compile design
INFO: [USF-XSim-61] Executing 'COMPILE and ANALYZE' step in 'E:/Electronics/Vivado/I2C/I2C.sim/sim_1/behav/xsim'
"xvlog --incr --relax -prj i2c_tb_vlog.prj"
INFO: [VRFC 10-2263] Analyzing Verilog file "E:/Electronics/Vivado/I2C/I2C.srcs/sources_1/new/I2C_master.v" into library xil_defaultlib
INFO: [VRFC 10-311] analyzing module I2C_master
INFO: [VRFC 10-2263] Analyzing Verilog file "E:/Electronics/Vivado/I2C/I2C.srcs/sources_1/new/I2C_slave.v" into library xil_defaultlib
INFO: [VRFC 10-311] analyzing module I2C_slave
INFO: [VRFC 10-2263] Analyzing Verilog file "E:/Electronics/Vivado/I2C/I2C.srcs/sim_1/new/i2c_tb.v" into library xil_defaultlib
INFO: [VRFC 10-311] analyzing module i2c_tb
INFO: [USF-XSim-69] 'compile' step finished in '2' seconds
INFO: [Vivado 12-5682] Launching behavioral simulation in 'E:/Electronics/Vivado/I2C/I2C.sim/sim_1/behav/xsim'
INFO: [USF-XSim-3] XSim::Elaborate design
INFO: [USF-XSim-61] Executing 'ELABORATE' step in 'E:/Electronics/Vivado/I2C/I2C.sim/sim_1/behav/xsim'
"xelab -wto 0a1c0eaee39745b288e7c8f0ab1a8a2b --incr --debug typical --relax --mt 2 -L xil_defaultlib -L unisims_ver -L unimacro_ver -L secureip --snapshot i2c_tb_behav xil_defaultlib.i2c_tb xil_defaultlib.glbl -log elaborate.log"
Vivado Simulator 2019.1
Copyright 1986-1999, 2001-2019 Xilinx, Inc. All Rights Reserved.
Running: C:/Xilinx/Vivado/2019.1/bin/unwrapped/win64.o/xelab.exe -wto 0a1c0eaee39745b288e7c8f0ab1a8a2b --incr --debug typical --relax --mt 2 -L xil_defaultlib -L unisims_ver -L unimacro_ver -L secureip --snapshot i2c_tb_behav xil_defaultlib.i2c_tb xil_defaultlib.glbl -log elaborate.log 
Using 2 slave threads.
Starting static elaboration
Completed static elaboration
Starting simulation data flow analysis
Completed simulation data flow analysis
Time Resolution for simulation is 1ps
Compiling module xil_defaultlib.I2C_master
Compiling module xil_defaultlib.I2C_slave
Compiling module xil_defaultlib.i2c_tb
Compiling module xil_defaultlib.glbl
Built simulation snapshot i2c_tb_behav
INFO: [USF-XSim-69] 'elaborate' step finished in '1' seconds
Vivado Simulator 2019.1
Time resolution is 1 ps
relaunch_sim: Time (s): cpu = 00:00:01 ; elapsed = 00:00:08 . Memory (MB): peak = 896.828 ; gain = 0.000
update_compile_order -fileset sources_1
relaunch_sim
INFO: [Vivado 12-5682] Launching behavioral simulation in 'E:/Electronics/Vivado/I2C/I2C.sim/sim_1/behav/xsim'
INFO: [SIM-utils-51] Simulation object is 'sim_1'
INFO: [SIM-utils-54] Inspecting design source files for 'i2c_tb' in fileset 'sim_1'...
INFO: [USF-XSim-97] Finding global include files...
INFO: [USF-XSim-98] Fetching design files from 'sim_1'...
INFO: [USF-XSim-2] XSim::Compile design
INFO: [USF-XSim-61] Executing 'COMPILE and ANALYZE' step in 'E:/Electronics/Vivado/I2C/I2C.sim/sim_1/behav/xsim'
"xvlog --incr --relax -prj i2c_tb_vlog.prj"
INFO: [VRFC 10-2263] Analyzing Verilog file "E:/Electronics/Vivado/I2C/I2C.srcs/sources_1/new/I2C_master.v" into library xil_defaultlib
INFO: [VRFC 10-311] analyzing module I2C_master
INFO: [VRFC 10-2263] Analyzing Verilog file "E:/Electronics/Vivado/I2C/I2C.srcs/sources_1/new/I2C_slave.v" into library xil_defaultlib
INFO: [VRFC 10-311] analyzing module I2C_slave
INFO: [VRFC 10-2263] Analyzing Verilog file "E:/Electronics/Vivado/I2C/I2C.srcs/sim_1/new/i2c_tb.v" into library xil_defaultlib
INFO: [VRFC 10-311] analyzing module i2c_tb
INFO: [USF-XSim-69] 'compile' step finished in '2' seconds
INFO: [Vivado 12-5682] Launching behavioral simulation in 'E:/Electronics/Vivado/I2C/I2C.sim/sim_1/behav/xsim'
INFO: [USF-XSim-3] XSim::Elaborate design
INFO: [USF-XSim-61] Executing 'ELABORATE' step in 'E:/Electronics/Vivado/I2C/I2C.sim/sim_1/behav/xsim'
"xelab -wto 0a1c0eaee39745b288e7c8f0ab1a8a2b --incr --debug typical --relax --mt 2 -L xil_defaultlib -L unisims_ver -L unimacro_ver -L secureip --snapshot i2c_tb_behav xil_defaultlib.i2c_tb xil_defaultlib.glbl -log elaborate.log"
Vivado Simulator 2019.1
Copyright 1986-1999, 2001-2019 Xilinx, Inc. All Rights Reserved.
Running: C:/Xilinx/Vivado/2019.1/bin/unwrapped/win64.o/xelab.exe -wto 0a1c0eaee39745b288e7c8f0ab1a8a2b --incr --debug typical --relax --mt 2 -L xil_defaultlib -L unisims_ver -L unimacro_ver -L secureip --snapshot i2c_tb_behav xil_defaultlib.i2c_tb xil_defaultlib.glbl -log elaborate.log 
Using 2 slave threads.
Starting static elaboration
Completed static elaboration
Starting simulation data flow analysis
Completed simulation data flow analysis
Time Resolution for simulation is 1ps
Compiling module xil_defaultlib.I2C_master
Compiling module xil_defaultlib.I2C_slave
Compiling module xil_defaultlib.i2c_tb
Compiling module xil_defaultlib.glbl
Built simulation snapshot i2c_tb_behav
INFO: [USF-XSim-69] 'elaborate' step finished in '2' seconds
Vivado Simulator 2019.1
Time resolution is 1 ps
relaunch_sim: Time (s): cpu = 00:00:01 ; elapsed = 00:00:08 . Memory (MB): peak = 896.828 ; gain = 0.000
relaunch_sim
INFO: [Vivado 12-5682] Launching behavioral simulation in 'E:/Electronics/Vivado/I2C/I2C.sim/sim_1/behav/xsim'
INFO: [SIM-utils-51] Simulation object is 'sim_1'
INFO: [SIM-utils-54] Inspecting design source files for 'i2c_tb' in fileset 'sim_1'...
INFO: [USF-XSim-97] Finding global include files...
INFO: [USF-XSim-98] Fetching design files from 'sim_1'...
INFO: [USF-XSim-2] XSim::Compile design
INFO: [USF-XSim-61] Executing 'COMPILE and ANALYZE' step in 'E:/Electronics/Vivado/I2C/I2C.sim/sim_1/behav/xsim'
"xvlog --incr --relax -prj i2c_tb_vlog.prj"
INFO: [VRFC 10-2263] Analyzing Verilog file "E:/Electronics/Vivado/I2C/I2C.srcs/sources_1/new/I2C_master.v" into library xil_defaultlib
INFO: [VRFC 10-311] analyzing module I2C_master
INFO: [VRFC 10-2263] Analyzing Verilog file "E:/Electronics/Vivado/I2C/I2C.srcs/sources_1/new/I2C_slave.v" into library xil_defaultlib
INFO: [VRFC 10-311] analyzing module I2C_slave
INFO: [VRFC 10-2263] Analyzing Verilog file "E:/Electronics/Vivado/I2C/I2C.srcs/sim_1/new/i2c_tb.v" into library xil_defaultlib
INFO: [VRFC 10-311] analyzing module i2c_tb
INFO: [USF-XSim-69] 'compile' step finished in '1' seconds
INFO: [Vivado 12-5682] Launching behavioral simulation in 'E:/Electronics/Vivado/I2C/I2C.sim/sim_1/behav/xsim'
INFO: [USF-XSim-3] XSim::Elaborate design
INFO: [USF-XSim-61] Executing 'ELABORATE' step in 'E:/Electronics/Vivado/I2C/I2C.sim/sim_1/behav/xsim'
"xelab -wto 0a1c0eaee39745b288e7c8f0ab1a8a2b --incr --debug typical --relax --mt 2 -L xil_defaultlib -L unisims_ver -L unimacro_ver -L secureip --snapshot i2c_tb_behav xil_defaultlib.i2c_tb xil_defaultlib.glbl -log elaborate.log"
Vivado Simulator 2019.1
Copyright 1986-1999, 2001-2019 Xilinx, Inc. All Rights Reserved.
Running: C:/Xilinx/Vivado/2019.1/bin/unwrapped/win64.o/xelab.exe -wto 0a1c0eaee39745b288e7c8f0ab1a8a2b --incr --debug typical --relax --mt 2 -L xil_defaultlib -L unisims_ver -L unimacro_ver -L secureip --snapshot i2c_tb_behav xil_defaultlib.i2c_tb xil_defaultlib.glbl -log elaborate.log 
Using 2 slave threads.
Starting static elaboration
Completed static elaboration
Starting simulation data flow analysis
Completed simulation data flow analysis
Time Resolution for simulation is 1ps
Compiling module xil_defaultlib.I2C_master
Compiling module xil_defaultlib.I2C_slave
Compiling module xil_defaultlib.i2c_tb
Compiling module xil_defaultlib.glbl
Built simulation snapshot i2c_tb_behav
INFO: [USF-XSim-69] 'elaborate' step finished in '2' seconds
Vivado Simulator 2019.1
Time resolution is 1 ps
relaunch_sim: Time (s): cpu = 00:00:01 ; elapsed = 00:00:10 . Memory (MB): peak = 898.531 ; gain = 0.000
relaunch_sim
INFO: [Vivado 12-5682] Launching behavioral simulation in 'E:/Electronics/Vivado/I2C/I2C.sim/sim_1/behav/xsim'
INFO: [SIM-utils-51] Simulation object is 'sim_1'
INFO: [SIM-utils-54] Inspecting design source files for 'i2c_tb' in fileset 'sim_1'...
INFO: [USF-XSim-97] Finding global include files...
INFO: [USF-XSim-98] Fetching design files from 'sim_1'...
INFO: [USF-XSim-2] XSim::Compile design
INFO: [USF-XSim-61] Executing 'COMPILE and ANALYZE' step in 'E:/Electronics/Vivado/I2C/I2C.sim/sim_1/behav/xsim'
"xvlog --incr --relax -prj i2c_tb_vlog.prj"
INFO: [VRFC 10-2263] Analyzing Verilog file "E:/Electronics/Vivado/I2C/I2C.srcs/sources_1/new/I2C_master.v" into library xil_defaultlib
INFO: [VRFC 10-311] analyzing module I2C_master
INFO: [VRFC 10-2263] Analyzing Verilog file "E:/Electronics/Vivado/I2C/I2C.srcs/sources_1/new/I2C_slave.v" into library xil_defaultlib
INFO: [VRFC 10-311] analyzing module I2C_slave
INFO: [VRFC 10-2263] Analyzing Verilog file "E:/Electronics/Vivado/I2C/I2C.srcs/sim_1/new/i2c_tb.v" into library xil_defaultlib
INFO: [VRFC 10-311] analyzing module i2c_tb
INFO: [USF-XSim-69] 'compile' step finished in '2' seconds
INFO: [Vivado 12-5682] Launching behavioral simulation in 'E:/Electronics/Vivado/I2C/I2C.sim/sim_1/behav/xsim'
INFO: [USF-XSim-3] XSim::Elaborate design
INFO: [USF-XSim-61] Executing 'ELABORATE' step in 'E:/Electronics/Vivado/I2C/I2C.sim/sim_1/behav/xsim'
"xelab -wto 0a1c0eaee39745b288e7c8f0ab1a8a2b --incr --debug typical --relax --mt 2 -L xil_defaultlib -L unisims_ver -L unimacro_ver -L secureip --snapshot i2c_tb_behav xil_defaultlib.i2c_tb xil_defaultlib.glbl -log elaborate.log"
Vivado Simulator 2019.1
Copyright 1986-1999, 2001-2019 Xilinx, Inc. All Rights Reserved.
Running: C:/Xilinx/Vivado/2019.1/bin/unwrapped/win64.o/xelab.exe -wto 0a1c0eaee39745b288e7c8f0ab1a8a2b --incr --debug typical --relax --mt 2 -L xil_defaultlib -L unisims_ver -L unimacro_ver -L secureip --snapshot i2c_tb_behav xil_defaultlib.i2c_tb xil_defaultlib.glbl -log elaborate.log 
Using 2 slave threads.
Starting static elaboration
Completed static elaboration
Starting simulation data flow analysis
Completed simulation data flow analysis
Time Resolution for simulation is 1ps
Compiling module xil_defaultlib.I2C_master
Compiling module xil_defaultlib.I2C_slave
Compiling module xil_defaultlib.i2c_tb
Compiling module xil_defaultlib.glbl
Built simulation snapshot i2c_tb_behav
INFO: [USF-XSim-69] 'elaborate' step finished in '1' seconds
Vivado Simulator 2019.1
Time resolution is 1 ps
relaunch_sim: Time (s): cpu = 00:00:00 ; elapsed = 00:00:07 . Memory (MB): peak = 898.531 ; gain = 0.000
relaunch_sim
INFO: [Vivado 12-5682] Launching behavioral simulation in 'E:/Electronics/Vivado/I2C/I2C.sim/sim_1/behav/xsim'
INFO: [SIM-utils-51] Simulation object is 'sim_1'
INFO: [SIM-utils-54] Inspecting design source files for 'i2c_tb' in fileset 'sim_1'...
INFO: [USF-XSim-97] Finding global include files...
INFO: [USF-XSim-98] Fetching design files from 'sim_1'...
INFO: [USF-XSim-2] XSim::Compile design
INFO: [USF-XSim-61] Executing 'COMPILE and ANALYZE' step in 'E:/Electronics/Vivado/I2C/I2C.sim/sim_1/behav/xsim'
"xvlog --incr --relax -prj i2c_tb_vlog.prj"
INFO: [VRFC 10-2263] Analyzing Verilog file "E:/Electronics/Vivado/I2C/I2C.srcs/sources_1/new/I2C_master.v" into library xil_defaultlib
INFO: [VRFC 10-311] analyzing module I2C_master
INFO: [VRFC 10-2263] Analyzing Verilog file "E:/Electronics/Vivado/I2C/I2C.srcs/sources_1/new/I2C_slave.v" into library xil_defaultlib
INFO: [VRFC 10-311] analyzing module I2C_slave
INFO: [VRFC 10-2263] Analyzing Verilog file "E:/Electronics/Vivado/I2C/I2C.srcs/sim_1/new/i2c_tb.v" into library xil_defaultlib
INFO: [VRFC 10-311] analyzing module i2c_tb
INFO: [USF-XSim-69] 'compile' step finished in '2' seconds
INFO: [Vivado 12-5682] Launching behavioral simulation in 'E:/Electronics/Vivado/I2C/I2C.sim/sim_1/behav/xsim'
INFO: [USF-XSim-3] XSim::Elaborate design
INFO: [USF-XSim-61] Executing 'ELABORATE' step in 'E:/Electronics/Vivado/I2C/I2C.sim/sim_1/behav/xsim'
"xelab -wto 0a1c0eaee39745b288e7c8f0ab1a8a2b --incr --debug typical --relax --mt 2 -L xil_defaultlib -L unisims_ver -L unimacro_ver -L secureip --snapshot i2c_tb_behav xil_defaultlib.i2c_tb xil_defaultlib.glbl -log elaborate.log"
Vivado Simulator 2019.1
Copyright 1986-1999, 2001-2019 Xilinx, Inc. All Rights Reserved.
Running: C:/Xilinx/Vivado/2019.1/bin/unwrapped/win64.o/xelab.exe -wto 0a1c0eaee39745b288e7c8f0ab1a8a2b --incr --debug typical --relax --mt 2 -L xil_defaultlib -L unisims_ver -L unimacro_ver -L secureip --snapshot i2c_tb_behav xil_defaultlib.i2c_tb xil_defaultlib.glbl -log elaborate.log 
Using 2 slave threads.
Starting static elaboration
Completed static elaboration
Starting simulation data flow analysis
Completed simulation data flow analysis
Time Resolution for simulation is 1ps
Compiling module xil_defaultlib.I2C_master
Compiling module xil_defaultlib.I2C_slave
Compiling module xil_defaultlib.i2c_tb
Compiling module xil_defaultlib.glbl
Built simulation snapshot i2c_tb_behav
INFO: [USF-XSim-69] 'elaborate' step finished in '1' seconds
Vivado Simulator 2019.1
Time resolution is 1 ps
relaunch_sim: Time (s): cpu = 00:00:01 ; elapsed = 00:00:10 . Memory (MB): peak = 898.531 ; gain = 0.000
relaunch_sim
INFO: [Vivado 12-5682] Launching behavioral simulation in 'E:/Electronics/Vivado/I2C/I2C.sim/sim_1/behav/xsim'
INFO: [SIM-utils-51] Simulation object is 'sim_1'
INFO: [SIM-utils-54] Inspecting design source files for 'i2c_tb' in fileset 'sim_1'...
INFO: [USF-XSim-97] Finding global include files...
INFO: [USF-XSim-98] Fetching design files from 'sim_1'...
INFO: [USF-XSim-2] XSim::Compile design
INFO: [USF-XSim-61] Executing 'COMPILE and ANALYZE' step in 'E:/Electronics/Vivado/I2C/I2C.sim/sim_1/behav/xsim'
"xvlog --incr --relax -prj i2c_tb_vlog.prj"
INFO: [VRFC 10-2263] Analyzing Verilog file "E:/Electronics/Vivado/I2C/I2C.srcs/sources_1/new/I2C_master.v" into library xil_defaultlib
INFO: [VRFC 10-311] analyzing module I2C_master
INFO: [VRFC 10-2263] Analyzing Verilog file "E:/Electronics/Vivado/I2C/I2C.srcs/sources_1/new/I2C_slave.v" into library xil_defaultlib
INFO: [VRFC 10-311] analyzing module I2C_slave
INFO: [VRFC 10-2263] Analyzing Verilog file "E:/Electronics/Vivado/I2C/I2C.srcs/sim_1/new/i2c_tb.v" into library xil_defaultlib
INFO: [VRFC 10-311] analyzing module i2c_tb
INFO: [USF-XSim-69] 'compile' step finished in '1' seconds
INFO: [Vivado 12-5682] Launching behavioral simulation in 'E:/Electronics/Vivado/I2C/I2C.sim/sim_1/behav/xsim'
INFO: [USF-XSim-3] XSim::Elaborate design
INFO: [USF-XSim-61] Executing 'ELABORATE' step in 'E:/Electronics/Vivado/I2C/I2C.sim/sim_1/behav/xsim'
"xelab -wto 0a1c0eaee39745b288e7c8f0ab1a8a2b --incr --debug typical --relax --mt 2 -L xil_defaultlib -L unisims_ver -L unimacro_ver -L secureip --snapshot i2c_tb_behav xil_defaultlib.i2c_tb xil_defaultlib.glbl -log elaborate.log"
Vivado Simulator 2019.1
Copyright 1986-1999, 2001-2019 Xilinx, Inc. All Rights Reserved.
Running: C:/Xilinx/Vivado/2019.1/bin/unwrapped/win64.o/xelab.exe -wto 0a1c0eaee39745b288e7c8f0ab1a8a2b --incr --debug typical --relax --mt 2 -L xil_defaultlib -L unisims_ver -L unimacro_ver -L secureip --snapshot i2c_tb_behav xil_defaultlib.i2c_tb xil_defaultlib.glbl -log elaborate.log 
Using 2 slave threads.
Starting static elaboration
Completed static elaboration
Starting simulation data flow analysis
Completed simulation data flow analysis
Time Resolution for simulation is 1ps
Compiling module xil_defaultlib.I2C_master
Compiling module xil_defaultlib.I2C_slave
Compiling module xil_defaultlib.i2c_tb
Compiling module xil_defaultlib.glbl
Built simulation snapshot i2c_tb_behav
INFO: [USF-XSim-69] 'elaborate' step finished in '1' seconds
Vivado Simulator 2019.1
Time resolution is 1 ps
relaunch_sim: Time (s): cpu = 00:00:01 ; elapsed = 00:00:10 . Memory (MB): peak = 898.531 ; gain = 0.000
relaunch_sim
INFO: [Vivado 12-5682] Launching behavioral simulation in 'E:/Electronics/Vivado/I2C/I2C.sim/sim_1/behav/xsim'
INFO: [SIM-utils-51] Simulation object is 'sim_1'
INFO: [SIM-utils-54] Inspecting design source files for 'i2c_tb' in fileset 'sim_1'...
INFO: [USF-XSim-97] Finding global include files...
INFO: [USF-XSim-98] Fetching design files from 'sim_1'...
INFO: [USF-XSim-2] XSim::Compile design
INFO: [USF-XSim-61] Executing 'COMPILE and ANALYZE' step in 'E:/Electronics/Vivado/I2C/I2C.sim/sim_1/behav/xsim'
"xvlog --incr --relax -prj i2c_tb_vlog.prj"
INFO: [VRFC 10-2263] Analyzing Verilog file "E:/Electronics/Vivado/I2C/I2C.srcs/sources_1/new/I2C_master.v" into library xil_defaultlib
INFO: [VRFC 10-311] analyzing module I2C_master
INFO: [VRFC 10-2263] Analyzing Verilog file "E:/Electronics/Vivado/I2C/I2C.srcs/sources_1/new/I2C_slave.v" into library xil_defaultlib
INFO: [VRFC 10-311] analyzing module I2C_slave
INFO: [VRFC 10-2263] Analyzing Verilog file "E:/Electronics/Vivado/I2C/I2C.srcs/sim_1/new/i2c_tb.v" into library xil_defaultlib
INFO: [VRFC 10-311] analyzing module i2c_tb
INFO: [USF-XSim-69] 'compile' step finished in '1' seconds
INFO: [Vivado 12-5682] Launching behavioral simulation in 'E:/Electronics/Vivado/I2C/I2C.sim/sim_1/behav/xsim'
INFO: [USF-XSim-3] XSim::Elaborate design
INFO: [USF-XSim-61] Executing 'ELABORATE' step in 'E:/Electronics/Vivado/I2C/I2C.sim/sim_1/behav/xsim'
"xelab -wto 0a1c0eaee39745b288e7c8f0ab1a8a2b --incr --debug typical --relax --mt 2 -L xil_defaultlib -L unisims_ver -L unimacro_ver -L secureip --snapshot i2c_tb_behav xil_defaultlib.i2c_tb xil_defaultlib.glbl -log elaborate.log"
Vivado Simulator 2019.1
Copyright 1986-1999, 2001-2019 Xilinx, Inc. All Rights Reserved.
Running: C:/Xilinx/Vivado/2019.1/bin/unwrapped/win64.o/xelab.exe -wto 0a1c0eaee39745b288e7c8f0ab1a8a2b --incr --debug typical --relax --mt 2 -L xil_defaultlib -L unisims_ver -L unimacro_ver -L secureip --snapshot i2c_tb_behav xil_defaultlib.i2c_tb xil_defaultlib.glbl -log elaborate.log 
Using 2 slave threads.
Starting static elaboration
Completed static elaboration
Starting simulation data flow analysis
Completed simulation data flow analysis
Time Resolution for simulation is 1ps
Compiling module xil_defaultlib.I2C_master
Compiling module xil_defaultlib.I2C_slave
Compiling module xil_defaultlib.i2c_tb
Compiling module xil_defaultlib.glbl
Built simulation snapshot i2c_tb_behav
INFO: [USF-XSim-69] 'elaborate' step finished in '3' seconds
Vivado Simulator 2019.1
Time resolution is 1 ps
relaunch_sim: Time (s): cpu = 00:00:01 ; elapsed = 00:00:10 . Memory (MB): peak = 936.898 ; gain = 0.000
relaunch_sim
INFO: [Vivado 12-5682] Launching behavioral simulation in 'E:/Electronics/Vivado/I2C/I2C.sim/sim_1/behav/xsim'
INFO: [SIM-utils-51] Simulation object is 'sim_1'
INFO: [SIM-utils-54] Inspecting design source files for 'i2c_tb' in fileset 'sim_1'...
INFO: [USF-XSim-97] Finding global include files...
INFO: [USF-XSim-98] Fetching design files from 'sim_1'...
INFO: [USF-XSim-2] XSim::Compile design
INFO: [USF-XSim-61] Executing 'COMPILE and ANALYZE' step in 'E:/Electronics/Vivado/I2C/I2C.sim/sim_1/behav/xsim'
"xvlog --incr --relax -prj i2c_tb_vlog.prj"
INFO: [VRFC 10-2263] Analyzing Verilog file "E:/Electronics/Vivado/I2C/I2C.srcs/sources_1/new/I2C_master.v" into library xil_defaultlib
INFO: [VRFC 10-311] analyzing module I2C_master
INFO: [VRFC 10-2263] Analyzing Verilog file "E:/Electronics/Vivado/I2C/I2C.srcs/sources_1/new/I2C_slave.v" into library xil_defaultlib
INFO: [VRFC 10-311] analyzing module I2C_slave
INFO: [VRFC 10-2263] Analyzing Verilog file "E:/Electronics/Vivado/I2C/I2C.srcs/sim_1/new/i2c_tb.v" into library xil_defaultlib
INFO: [VRFC 10-311] analyzing module i2c_tb
INFO: [USF-XSim-69] 'compile' step finished in '2' seconds
INFO: [Vivado 12-5682] Launching behavioral simulation in 'E:/Electronics/Vivado/I2C/I2C.sim/sim_1/behav/xsim'
INFO: [USF-XSim-3] XSim::Elaborate design
INFO: [USF-XSim-61] Executing 'ELABORATE' step in 'E:/Electronics/Vivado/I2C/I2C.sim/sim_1/behav/xsim'
"xelab -wto 0a1c0eaee39745b288e7c8f0ab1a8a2b --incr --debug typical --relax --mt 2 -L xil_defaultlib -L unisims_ver -L unimacro_ver -L secureip --snapshot i2c_tb_behav xil_defaultlib.i2c_tb xil_defaultlib.glbl -log elaborate.log"
Vivado Simulator 2019.1
Copyright 1986-1999, 2001-2019 Xilinx, Inc. All Rights Reserved.
Running: C:/Xilinx/Vivado/2019.1/bin/unwrapped/win64.o/xelab.exe -wto 0a1c0eaee39745b288e7c8f0ab1a8a2b --incr --debug typical --relax --mt 2 -L xil_defaultlib -L unisims_ver -L unimacro_ver -L secureip --snapshot i2c_tb_behav xil_defaultlib.i2c_tb xil_defaultlib.glbl -log elaborate.log 
Using 2 slave threads.
Starting static elaboration
Completed static elaboration
Starting simulation data flow analysis
Completed simulation data flow analysis
Time Resolution for simulation is 1ps
Compiling module xil_defaultlib.I2C_master
Compiling module xil_defaultlib.I2C_slave
Compiling module xil_defaultlib.i2c_tb
Compiling module xil_defaultlib.glbl
Built simulation snapshot i2c_tb_behav
INFO: [USF-XSim-69] 'elaborate' step finished in '1' seconds
Vivado Simulator 2019.1
Time resolution is 1 ps
relaunch_sim: Time (s): cpu = 00:00:01 ; elapsed = 00:00:08 . Memory (MB): peak = 936.898 ; gain = 0.000
run 50 ns
run 50 ns
run 50 ns
run 50 ns
run 50 ns
relaunch_sim
INFO: [Vivado 12-5682] Launching behavioral simulation in 'E:/Electronics/Vivado/I2C/I2C.sim/sim_1/behav/xsim'
INFO: [SIM-utils-51] Simulation object is 'sim_1'
INFO: [SIM-utils-54] Inspecting design source files for 'i2c_tb' in fileset 'sim_1'...
INFO: [USF-XSim-97] Finding global include files...
INFO: [USF-XSim-98] Fetching design files from 'sim_1'...
INFO: [USF-XSim-2] XSim::Compile design
INFO: [USF-XSim-61] Executing 'COMPILE and ANALYZE' step in 'E:/Electronics/Vivado/I2C/I2C.sim/sim_1/behav/xsim'
"xvlog --incr --relax -prj i2c_tb_vlog.prj"
INFO: [VRFC 10-2263] Analyzing Verilog file "E:/Electronics/Vivado/I2C/I2C.srcs/sources_1/new/I2C_master.v" into library xil_defaultlib
INFO: [VRFC 10-311] analyzing module I2C_master
INFO: [VRFC 10-2263] Analyzing Verilog file "E:/Electronics/Vivado/I2C/I2C.srcs/sources_1/new/I2C_slave.v" into library xil_defaultlib
INFO: [VRFC 10-311] analyzing module I2C_slave
INFO: [VRFC 10-2263] Analyzing Verilog file "E:/Electronics/Vivado/I2C/I2C.srcs/sim_1/new/i2c_tb.v" into library xil_defaultlib
INFO: [VRFC 10-311] analyzing module i2c_tb
INFO: [USF-XSim-69] 'compile' step finished in '2' seconds
INFO: [Vivado 12-5682] Launching behavioral simulation in 'E:/Electronics/Vivado/I2C/I2C.sim/sim_1/behav/xsim'
INFO: [USF-XSim-3] XSim::Elaborate design
INFO: [USF-XSim-61] Executing 'ELABORATE' step in 'E:/Electronics/Vivado/I2C/I2C.sim/sim_1/behav/xsim'
"xelab -wto 0a1c0eaee39745b288e7c8f0ab1a8a2b --incr --debug typical --relax --mt 2 -L xil_defaultlib -L unisims_ver -L unimacro_ver -L secureip --snapshot i2c_tb_behav xil_defaultlib.i2c_tb xil_defaultlib.glbl -log elaborate.log"
Vivado Simulator 2019.1
Copyright 1986-1999, 2001-2019 Xilinx, Inc. All Rights Reserved.
Running: C:/Xilinx/Vivado/2019.1/bin/unwrapped/win64.o/xelab.exe -wto 0a1c0eaee39745b288e7c8f0ab1a8a2b --incr --debug typical --relax --mt 2 -L xil_defaultlib -L unisims_ver -L unimacro_ver -L secureip --snapshot i2c_tb_behav xil_defaultlib.i2c_tb xil_defaultlib.glbl -log elaborate.log 
Using 2 slave threads.
Starting static elaboration
Completed static elaboration
Starting simulation data flow analysis
Completed simulation data flow analysis
Time Resolution for simulation is 1ps
Compiling module xil_defaultlib.I2C_master
Compiling module xil_defaultlib.I2C_slave
Compiling module xil_defaultlib.i2c_tb
Compiling module xil_defaultlib.glbl
Built simulation snapshot i2c_tb_behav
INFO: [USF-XSim-69] 'elaborate' step finished in '1' seconds
Vivado Simulator 2019.1
Time resolution is 1 ps
relaunch_sim: Time (s): cpu = 00:00:01 ; elapsed = 00:00:08 . Memory (MB): peak = 1026.422 ; gain = 0.000
relaunch_sim
INFO: [Vivado 12-5682] Launching behavioral simulation in 'E:/Electronics/Vivado/I2C/I2C.sim/sim_1/behav/xsim'
INFO: [SIM-utils-51] Simulation object is 'sim_1'
INFO: [SIM-utils-54] Inspecting design source files for 'i2c_tb' in fileset 'sim_1'...
INFO: [USF-XSim-97] Finding global include files...
INFO: [USF-XSim-98] Fetching design files from 'sim_1'...
INFO: [USF-XSim-2] XSim::Compile design
INFO: [USF-XSim-61] Executing 'COMPILE and ANALYZE' step in 'E:/Electronics/Vivado/I2C/I2C.sim/sim_1/behav/xsim'
"xvlog --incr --relax -prj i2c_tb_vlog.prj"
INFO: [VRFC 10-2263] Analyzing Verilog file "E:/Electronics/Vivado/I2C/I2C.srcs/sources_1/new/I2C_master.v" into library xil_defaultlib
INFO: [VRFC 10-311] analyzing module I2C_master
INFO: [VRFC 10-2263] Analyzing Verilog file "E:/Electronics/Vivado/I2C/I2C.srcs/sources_1/new/I2C_slave.v" into library xil_defaultlib
INFO: [VRFC 10-311] analyzing module I2C_slave
INFO: [VRFC 10-2263] Analyzing Verilog file "E:/Electronics/Vivado/I2C/I2C.srcs/sim_1/new/i2c_tb.v" into library xil_defaultlib
INFO: [VRFC 10-311] analyzing module i2c_tb
INFO: [USF-XSim-69] 'compile' step finished in '2' seconds
INFO: [Vivado 12-5682] Launching behavioral simulation in 'E:/Electronics/Vivado/I2C/I2C.sim/sim_1/behav/xsim'
INFO: [USF-XSim-3] XSim::Elaborate design
INFO: [USF-XSim-61] Executing 'ELABORATE' step in 'E:/Electronics/Vivado/I2C/I2C.sim/sim_1/behav/xsim'
"xelab -wto 0a1c0eaee39745b288e7c8f0ab1a8a2b --incr --debug typical --relax --mt 2 -L xil_defaultlib -L unisims_ver -L unimacro_ver -L secureip --snapshot i2c_tb_behav xil_defaultlib.i2c_tb xil_defaultlib.glbl -log elaborate.log"
Vivado Simulator 2019.1
Copyright 1986-1999, 2001-2019 Xilinx, Inc. All Rights Reserved.
Running: C:/Xilinx/Vivado/2019.1/bin/unwrapped/win64.o/xelab.exe -wto 0a1c0eaee39745b288e7c8f0ab1a8a2b --incr --debug typical --relax --mt 2 -L xil_defaultlib -L unisims_ver -L unimacro_ver -L secureip --snapshot i2c_tb_behav xil_defaultlib.i2c_tb xil_defaultlib.glbl -log elaborate.log 
Using 2 slave threads.
Starting static elaboration
Completed static elaboration
Starting simulation data flow analysis
Completed simulation data flow analysis
Time Resolution for simulation is 1ps
Compiling module xil_defaultlib.I2C_master
Compiling module xil_defaultlib.I2C_slave
Compiling module xil_defaultlib.i2c_tb
Compiling module xil_defaultlib.glbl
Built simulation snapshot i2c_tb_behav
INFO: [USF-XSim-69] 'elaborate' step finished in '1' seconds
Vivado Simulator 2019.1
Time resolution is 1 ps
relaunch_sim: Time (s): cpu = 00:00:01 ; elapsed = 00:00:10 . Memory (MB): peak = 1026.422 ; gain = 0.000
relaunch_sim
INFO: [Vivado 12-5682] Launching behavioral simulation in 'E:/Electronics/Vivado/I2C/I2C.sim/sim_1/behav/xsim'
INFO: [SIM-utils-51] Simulation object is 'sim_1'
INFO: [SIM-utils-54] Inspecting design source files for 'i2c_tb' in fileset 'sim_1'...
INFO: [USF-XSim-97] Finding global include files...
INFO: [USF-XSim-98] Fetching design files from 'sim_1'...
INFO: [USF-XSim-2] XSim::Compile design
INFO: [USF-XSim-61] Executing 'COMPILE and ANALYZE' step in 'E:/Electronics/Vivado/I2C/I2C.sim/sim_1/behav/xsim'
"xvlog --incr --relax -prj i2c_tb_vlog.prj"
INFO: [VRFC 10-2263] Analyzing Verilog file "E:/Electronics/Vivado/I2C/I2C.srcs/sources_1/new/I2C_master.v" into library xil_defaultlib
INFO: [VRFC 10-311] analyzing module I2C_master
INFO: [VRFC 10-2263] Analyzing Verilog file "E:/Electronics/Vivado/I2C/I2C.srcs/sources_1/new/I2C_slave.v" into library xil_defaultlib
INFO: [VRFC 10-311] analyzing module I2C_slave
INFO: [VRFC 10-2263] Analyzing Verilog file "E:/Electronics/Vivado/I2C/I2C.srcs/sim_1/new/i2c_tb.v" into library xil_defaultlib
INFO: [VRFC 10-311] analyzing module i2c_tb
INFO: [USF-XSim-69] 'compile' step finished in '1' seconds
INFO: [Vivado 12-5682] Launching behavioral simulation in 'E:/Electronics/Vivado/I2C/I2C.sim/sim_1/behav/xsim'
INFO: [USF-XSim-3] XSim::Elaborate design
INFO: [USF-XSim-61] Executing 'ELABORATE' step in 'E:/Electronics/Vivado/I2C/I2C.sim/sim_1/behav/xsim'
"xelab -wto 0a1c0eaee39745b288e7c8f0ab1a8a2b --incr --debug typical --relax --mt 2 -L xil_defaultlib -L unisims_ver -L unimacro_ver -L secureip --snapshot i2c_tb_behav xil_defaultlib.i2c_tb xil_defaultlib.glbl -log elaborate.log"
Vivado Simulator 2019.1
Copyright 1986-1999, 2001-2019 Xilinx, Inc. All Rights Reserved.
Running: C:/Xilinx/Vivado/2019.1/bin/unwrapped/win64.o/xelab.exe -wto 0a1c0eaee39745b288e7c8f0ab1a8a2b --incr --debug typical --relax --mt 2 -L xil_defaultlib -L unisims_ver -L unimacro_ver -L secureip --snapshot i2c_tb_behav xil_defaultlib.i2c_tb xil_defaultlib.glbl -log elaborate.log 
Using 2 slave threads.
Starting static elaboration
Completed static elaboration
Starting simulation data flow analysis
Completed simulation data flow analysis
Time Resolution for simulation is 1ps
Compiling module xil_defaultlib.I2C_master
Compiling module xil_defaultlib.I2C_slave
Compiling module xil_defaultlib.i2c_tb
Compiling module xil_defaultlib.glbl
Built simulation snapshot i2c_tb_behav
INFO: [USF-XSim-69] 'elaborate' step finished in '2' seconds
Vivado Simulator 2019.1
Time resolution is 1 ps
relaunch_sim: Time (s): cpu = 00:00:01 ; elapsed = 00:00:08 . Memory (MB): peak = 1026.422 ; gain = 0.000
relaunch_sim
INFO: [Vivado 12-5682] Launching behavioral simulation in 'E:/Electronics/Vivado/I2C/I2C.sim/sim_1/behav/xsim'
INFO: [SIM-utils-51] Simulation object is 'sim_1'
INFO: [SIM-utils-54] Inspecting design source files for 'i2c_tb' in fileset 'sim_1'...
INFO: [USF-XSim-97] Finding global include files...
INFO: [USF-XSim-98] Fetching design files from 'sim_1'...
INFO: [USF-XSim-2] XSim::Compile design
INFO: [USF-XSim-61] Executing 'COMPILE and ANALYZE' step in 'E:/Electronics/Vivado/I2C/I2C.sim/sim_1/behav/xsim'
"xvlog --incr --relax -prj i2c_tb_vlog.prj"
INFO: [VRFC 10-2263] Analyzing Verilog file "E:/Electronics/Vivado/I2C/I2C.srcs/sources_1/new/I2C_master.v" into library xil_defaultlib
INFO: [VRFC 10-311] analyzing module I2C_master
INFO: [VRFC 10-2263] Analyzing Verilog file "E:/Electronics/Vivado/I2C/I2C.srcs/sources_1/new/I2C_slave.v" into library xil_defaultlib
INFO: [VRFC 10-311] analyzing module I2C_slave
INFO: [VRFC 10-2263] Analyzing Verilog file "E:/Electronics/Vivado/I2C/I2C.srcs/sim_1/new/i2c_tb.v" into library xil_defaultlib
INFO: [VRFC 10-311] analyzing module i2c_tb
INFO: [USF-XSim-69] 'compile' step finished in '2' seconds
INFO: [Vivado 12-5682] Launching behavioral simulation in 'E:/Electronics/Vivado/I2C/I2C.sim/sim_1/behav/xsim'
INFO: [USF-XSim-3] XSim::Elaborate design
INFO: [USF-XSim-61] Executing 'ELABORATE' step in 'E:/Electronics/Vivado/I2C/I2C.sim/sim_1/behav/xsim'
"xelab -wto 0a1c0eaee39745b288e7c8f0ab1a8a2b --incr --debug typical --relax --mt 2 -L xil_defaultlib -L unisims_ver -L unimacro_ver -L secureip --snapshot i2c_tb_behav xil_defaultlib.i2c_tb xil_defaultlib.glbl -log elaborate.log"
Vivado Simulator 2019.1
Copyright 1986-1999, 2001-2019 Xilinx, Inc. All Rights Reserved.
Running: C:/Xilinx/Vivado/2019.1/bin/unwrapped/win64.o/xelab.exe -wto 0a1c0eaee39745b288e7c8f0ab1a8a2b --incr --debug typical --relax --mt 2 -L xil_defaultlib -L unisims_ver -L unimacro_ver -L secureip --snapshot i2c_tb_behav xil_defaultlib.i2c_tb xil_defaultlib.glbl -log elaborate.log 
Using 2 slave threads.
Starting static elaboration
Completed static elaboration
Starting simulation data flow analysis
Completed simulation data flow analysis
Time Resolution for simulation is 1ps
Compiling module xil_defaultlib.I2C_master
Compiling module xil_defaultlib.I2C_slave
Compiling module xil_defaultlib.i2c_tb
Compiling module xil_defaultlib.glbl
Built simulation snapshot i2c_tb_behav
INFO: [USF-XSim-69] 'elaborate' step finished in '1' seconds
Vivado Simulator 2019.1
Time resolution is 1 ps
relaunch_sim: Time (s): cpu = 00:00:01 ; elapsed = 00:00:10 . Memory (MB): peak = 1026.422 ; gain = 0.000
relaunch_sim
INFO: [Vivado 12-5682] Launching behavioral simulation in 'E:/Electronics/Vivado/I2C/I2C.sim/sim_1/behav/xsim'
INFO: [SIM-utils-51] Simulation object is 'sim_1'
INFO: [SIM-utils-54] Inspecting design source files for 'i2c_tb' in fileset 'sim_1'...
INFO: [USF-XSim-97] Finding global include files...
INFO: [USF-XSim-98] Fetching design files from 'sim_1'...
INFO: [USF-XSim-2] XSim::Compile design
INFO: [USF-XSim-61] Executing 'COMPILE and ANALYZE' step in 'E:/Electronics/Vivado/I2C/I2C.sim/sim_1/behav/xsim'
"xvlog --incr --relax -prj i2c_tb_vlog.prj"
INFO: [VRFC 10-2263] Analyzing Verilog file "E:/Electronics/Vivado/I2C/I2C.srcs/sources_1/new/I2C_master.v" into library xil_defaultlib
INFO: [VRFC 10-311] analyzing module I2C_master
INFO: [VRFC 10-2263] Analyzing Verilog file "E:/Electronics/Vivado/I2C/I2C.srcs/sources_1/new/I2C_slave.v" into library xil_defaultlib
INFO: [VRFC 10-311] analyzing module I2C_slave
INFO: [VRFC 10-2263] Analyzing Verilog file "E:/Electronics/Vivado/I2C/I2C.srcs/sim_1/new/i2c_tb.v" into library xil_defaultlib
INFO: [VRFC 10-311] analyzing module i2c_tb
INFO: [USF-XSim-69] 'compile' step finished in '2' seconds
INFO: [Vivado 12-5682] Launching behavioral simulation in 'E:/Electronics/Vivado/I2C/I2C.sim/sim_1/behav/xsim'
INFO: [USF-XSim-3] XSim::Elaborate design
INFO: [USF-XSim-61] Executing 'ELABORATE' step in 'E:/Electronics/Vivado/I2C/I2C.sim/sim_1/behav/xsim'
"xelab -wto 0a1c0eaee39745b288e7c8f0ab1a8a2b --incr --debug typical --relax --mt 2 -L xil_defaultlib -L unisims_ver -L unimacro_ver -L secureip --snapshot i2c_tb_behav xil_defaultlib.i2c_tb xil_defaultlib.glbl -log elaborate.log"
Vivado Simulator 2019.1
Copyright 1986-1999, 2001-2019 Xilinx, Inc. All Rights Reserved.
Running: C:/Xilinx/Vivado/2019.1/bin/unwrapped/win64.o/xelab.exe -wto 0a1c0eaee39745b288e7c8f0ab1a8a2b --incr --debug typical --relax --mt 2 -L xil_defaultlib -L unisims_ver -L unimacro_ver -L secureip --snapshot i2c_tb_behav xil_defaultlib.i2c_tb xil_defaultlib.glbl -log elaborate.log 
Using 2 slave threads.
Starting static elaboration
Completed static elaboration
Starting simulation data flow analysis
Completed simulation data flow analysis
Time Resolution for simulation is 1ps
Compiling module xil_defaultlib.I2C_master
Compiling module xil_defaultlib.I2C_slave
Compiling module xil_defaultlib.i2c_tb
Compiling module xil_defaultlib.glbl
Built simulation snapshot i2c_tb_behav
INFO: [USF-XSim-69] 'elaborate' step finished in '1' seconds
Vivado Simulator 2019.1
Time resolution is 1 ps
relaunch_sim: Time (s): cpu = 00:00:01 ; elapsed = 00:00:08 . Memory (MB): peak = 1026.422 ; gain = 0.000
relaunch_sim
INFO: [Vivado 12-5682] Launching behavioral simulation in 'E:/Electronics/Vivado/I2C/I2C.sim/sim_1/behav/xsim'
INFO: [SIM-utils-51] Simulation object is 'sim_1'
INFO: [SIM-utils-54] Inspecting design source files for 'i2c_tb' in fileset 'sim_1'...
INFO: [USF-XSim-97] Finding global include files...
INFO: [USF-XSim-98] Fetching design files from 'sim_1'...
INFO: [USF-XSim-2] XSim::Compile design
INFO: [USF-XSim-61] Executing 'COMPILE and ANALYZE' step in 'E:/Electronics/Vivado/I2C/I2C.sim/sim_1/behav/xsim'
"xvlog --incr --relax -prj i2c_tb_vlog.prj"
INFO: [VRFC 10-2263] Analyzing Verilog file "E:/Electronics/Vivado/I2C/I2C.srcs/sources_1/new/I2C_master.v" into library xil_defaultlib
INFO: [VRFC 10-311] analyzing module I2C_master
INFO: [VRFC 10-2263] Analyzing Verilog file "E:/Electronics/Vivado/I2C/I2C.srcs/sources_1/new/I2C_slave.v" into library xil_defaultlib
INFO: [VRFC 10-311] analyzing module I2C_slave
INFO: [VRFC 10-2263] Analyzing Verilog file "E:/Electronics/Vivado/I2C/I2C.srcs/sim_1/new/i2c_tb.v" into library xil_defaultlib
INFO: [VRFC 10-311] analyzing module i2c_tb
INFO: [USF-XSim-69] 'compile' step finished in '1' seconds
INFO: [Vivado 12-5682] Launching behavioral simulation in 'E:/Electronics/Vivado/I2C/I2C.sim/sim_1/behav/xsim'
INFO: [USF-XSim-3] XSim::Elaborate design
INFO: [USF-XSim-61] Executing 'ELABORATE' step in 'E:/Electronics/Vivado/I2C/I2C.sim/sim_1/behav/xsim'
"xelab -wto 0a1c0eaee39745b288e7c8f0ab1a8a2b --incr --debug typical --relax --mt 2 -L xil_defaultlib -L unisims_ver -L unimacro_ver -L secureip --snapshot i2c_tb_behav xil_defaultlib.i2c_tb xil_defaultlib.glbl -log elaborate.log"
Vivado Simulator 2019.1
Copyright 1986-1999, 2001-2019 Xilinx, Inc. All Rights Reserved.
Running: C:/Xilinx/Vivado/2019.1/bin/unwrapped/win64.o/xelab.exe -wto 0a1c0eaee39745b288e7c8f0ab1a8a2b --incr --debug typical --relax --mt 2 -L xil_defaultlib -L unisims_ver -L unimacro_ver -L secureip --snapshot i2c_tb_behav xil_defaultlib.i2c_tb xil_defaultlib.glbl -log elaborate.log 
Using 2 slave threads.
Starting static elaboration
Completed static elaboration
Starting simulation data flow analysis
Completed simulation data flow analysis
Time Resolution for simulation is 1ps
Compiling module xil_defaultlib.I2C_master
Compiling module xil_defaultlib.I2C_slave
Compiling module xil_defaultlib.i2c_tb
Compiling module xil_defaultlib.glbl
Built simulation snapshot i2c_tb_behav
INFO: [USF-XSim-69] 'elaborate' step finished in '2' seconds
Vivado Simulator 2019.1
Time resolution is 1 ps
relaunch_sim: Time (s): cpu = 00:00:01 ; elapsed = 00:00:07 . Memory (MB): peak = 1026.422 ; gain = 0.000
relaunch_sim
INFO: [Vivado 12-5682] Launching behavioral simulation in 'E:/Electronics/Vivado/I2C/I2C.sim/sim_1/behav/xsim'
INFO: [SIM-utils-51] Simulation object is 'sim_1'
INFO: [SIM-utils-54] Inspecting design source files for 'i2c_tb' in fileset 'sim_1'...
INFO: [USF-XSim-97] Finding global include files...
INFO: [USF-XSim-98] Fetching design files from 'sim_1'...
INFO: [USF-XSim-2] XSim::Compile design
INFO: [USF-XSim-61] Executing 'COMPILE and ANALYZE' step in 'E:/Electronics/Vivado/I2C/I2C.sim/sim_1/behav/xsim'
"xvlog --incr --relax -prj i2c_tb_vlog.prj"
INFO: [VRFC 10-2263] Analyzing Verilog file "E:/Electronics/Vivado/I2C/I2C.srcs/sources_1/new/I2C_master.v" into library xil_defaultlib
INFO: [VRFC 10-311] analyzing module I2C_master
INFO: [VRFC 10-2263] Analyzing Verilog file "E:/Electronics/Vivado/I2C/I2C.srcs/sources_1/new/I2C_slave.v" into library xil_defaultlib
INFO: [VRFC 10-311] analyzing module I2C_slave
INFO: [VRFC 10-2263] Analyzing Verilog file "E:/Electronics/Vivado/I2C/I2C.srcs/sim_1/new/i2c_tb.v" into library xil_defaultlib
INFO: [VRFC 10-311] analyzing module i2c_tb
INFO: [USF-XSim-69] 'compile' step finished in '1' seconds
INFO: [Vivado 12-5682] Launching behavioral simulation in 'E:/Electronics/Vivado/I2C/I2C.sim/sim_1/behav/xsim'
INFO: [USF-XSim-3] XSim::Elaborate design
INFO: [USF-XSim-61] Executing 'ELABORATE' step in 'E:/Electronics/Vivado/I2C/I2C.sim/sim_1/behav/xsim'
"xelab -wto 0a1c0eaee39745b288e7c8f0ab1a8a2b --incr --debug typical --relax --mt 2 -L xil_defaultlib -L unisims_ver -L unimacro_ver -L secureip --snapshot i2c_tb_behav xil_defaultlib.i2c_tb xil_defaultlib.glbl -log elaborate.log"
Vivado Simulator 2019.1
Copyright 1986-1999, 2001-2019 Xilinx, Inc. All Rights Reserved.
Running: C:/Xilinx/Vivado/2019.1/bin/unwrapped/win64.o/xelab.exe -wto 0a1c0eaee39745b288e7c8f0ab1a8a2b --incr --debug typical --relax --mt 2 -L xil_defaultlib -L unisims_ver -L unimacro_ver -L secureip --snapshot i2c_tb_behav xil_defaultlib.i2c_tb xil_defaultlib.glbl -log elaborate.log 
Using 2 slave threads.
Starting static elaboration
Completed static elaboration
Starting simulation data flow analysis
Completed simulation data flow analysis
Time Resolution for simulation is 1ps
Compiling module xil_defaultlib.I2C_master
Compiling module xil_defaultlib.I2C_slave
Compiling module xil_defaultlib.i2c_tb
Compiling module xil_defaultlib.glbl
Built simulation snapshot i2c_tb_behav
INFO: [USF-XSim-69] 'elaborate' step finished in '2' seconds
Vivado Simulator 2019.1
Time resolution is 1 ps
relaunch_sim: Time (s): cpu = 00:00:01 ; elapsed = 00:00:09 . Memory (MB): peak = 1026.422 ; gain = 0.000
relaunch_sim
INFO: [Vivado 12-5682] Launching behavioral simulation in 'E:/Electronics/Vivado/I2C/I2C.sim/sim_1/behav/xsim'
INFO: [SIM-utils-51] Simulation object is 'sim_1'
INFO: [SIM-utils-54] Inspecting design source files for 'i2c_tb' in fileset 'sim_1'...
INFO: [USF-XSim-97] Finding global include files...
INFO: [USF-XSim-98] Fetching design files from 'sim_1'...
INFO: [USF-XSim-2] XSim::Compile design
INFO: [USF-XSim-61] Executing 'COMPILE and ANALYZE' step in 'E:/Electronics/Vivado/I2C/I2C.sim/sim_1/behav/xsim'
"xvlog --incr --relax -prj i2c_tb_vlog.prj"
INFO: [VRFC 10-2263] Analyzing Verilog file "E:/Electronics/Vivado/I2C/I2C.srcs/sources_1/new/I2C_master.v" into library xil_defaultlib
INFO: [VRFC 10-311] analyzing module I2C_master
INFO: [VRFC 10-2263] Analyzing Verilog file "E:/Electronics/Vivado/I2C/I2C.srcs/sources_1/new/I2C_slave.v" into library xil_defaultlib
INFO: [VRFC 10-311] analyzing module I2C_slave
INFO: [VRFC 10-2263] Analyzing Verilog file "E:/Electronics/Vivado/I2C/I2C.srcs/sim_1/new/i2c_tb.v" into library xil_defaultlib
INFO: [VRFC 10-311] analyzing module i2c_tb
INFO: [USF-XSim-69] 'compile' step finished in '1' seconds
INFO: [Vivado 12-5682] Launching behavioral simulation in 'E:/Electronics/Vivado/I2C/I2C.sim/sim_1/behav/xsim'
INFO: [USF-XSim-3] XSim::Elaborate design
INFO: [USF-XSim-61] Executing 'ELABORATE' step in 'E:/Electronics/Vivado/I2C/I2C.sim/sim_1/behav/xsim'
"xelab -wto 0a1c0eaee39745b288e7c8f0ab1a8a2b --incr --debug typical --relax --mt 2 -L xil_defaultlib -L unisims_ver -L unimacro_ver -L secureip --snapshot i2c_tb_behav xil_defaultlib.i2c_tb xil_defaultlib.glbl -log elaborate.log"
Vivado Simulator 2019.1
Copyright 1986-1999, 2001-2019 Xilinx, Inc. All Rights Reserved.
Running: C:/Xilinx/Vivado/2019.1/bin/unwrapped/win64.o/xelab.exe -wto 0a1c0eaee39745b288e7c8f0ab1a8a2b --incr --debug typical --relax --mt 2 -L xil_defaultlib -L unisims_ver -L unimacro_ver -L secureip --snapshot i2c_tb_behav xil_defaultlib.i2c_tb xil_defaultlib.glbl -log elaborate.log 
Using 2 slave threads.
Starting static elaboration
Completed static elaboration
Starting simulation data flow analysis
Completed simulation data flow analysis
Time Resolution for simulation is 1ps
Compiling module xil_defaultlib.I2C_master
Compiling module xil_defaultlib.I2C_slave
Compiling module xil_defaultlib.i2c_tb
Compiling module xil_defaultlib.glbl
Built simulation snapshot i2c_tb_behav
INFO: [USF-XSim-69] 'elaborate' step finished in '2' seconds
Vivado Simulator 2019.1
Time resolution is 1 ps
relaunch_sim: Time (s): cpu = 00:00:00 ; elapsed = 00:00:09 . Memory (MB): peak = 1026.422 ; gain = 0.000
relaunch_sim
INFO: [Vivado 12-5682] Launching behavioral simulation in 'E:/Electronics/Vivado/I2C/I2C.sim/sim_1/behav/xsim'
INFO: [SIM-utils-51] Simulation object is 'sim_1'
INFO: [SIM-utils-54] Inspecting design source files for 'i2c_tb' in fileset 'sim_1'...
INFO: [USF-XSim-97] Finding global include files...
INFO: [USF-XSim-98] Fetching design files from 'sim_1'...
INFO: [USF-XSim-2] XSim::Compile design
INFO: [USF-XSim-61] Executing 'COMPILE and ANALYZE' step in 'E:/Electronics/Vivado/I2C/I2C.sim/sim_1/behav/xsim'
"xvlog --incr --relax -prj i2c_tb_vlog.prj"
INFO: [VRFC 10-2263] Analyzing Verilog file "E:/Electronics/Vivado/I2C/I2C.srcs/sources_1/new/I2C_master.v" into library xil_defaultlib
INFO: [VRFC 10-311] analyzing module I2C_master
INFO: [VRFC 10-2263] Analyzing Verilog file "E:/Electronics/Vivado/I2C/I2C.srcs/sources_1/new/I2C_slave.v" into library xil_defaultlib
INFO: [VRFC 10-311] analyzing module I2C_slave
INFO: [VRFC 10-2263] Analyzing Verilog file "E:/Electronics/Vivado/I2C/I2C.srcs/sim_1/new/i2c_tb.v" into library xil_defaultlib
INFO: [VRFC 10-311] analyzing module i2c_tb
INFO: [USF-XSim-69] 'compile' step finished in '1' seconds
INFO: [Vivado 12-5682] Launching behavioral simulation in 'E:/Electronics/Vivado/I2C/I2C.sim/sim_1/behav/xsim'
INFO: [USF-XSim-3] XSim::Elaborate design
INFO: [USF-XSim-61] Executing 'ELABORATE' step in 'E:/Electronics/Vivado/I2C/I2C.sim/sim_1/behav/xsim'
"xelab -wto 0a1c0eaee39745b288e7c8f0ab1a8a2b --incr --debug typical --relax --mt 2 -L xil_defaultlib -L unisims_ver -L unimacro_ver -L secureip --snapshot i2c_tb_behav xil_defaultlib.i2c_tb xil_defaultlib.glbl -log elaborate.log"
Vivado Simulator 2019.1
Copyright 1986-1999, 2001-2019 Xilinx, Inc. All Rights Reserved.
Running: C:/Xilinx/Vivado/2019.1/bin/unwrapped/win64.o/xelab.exe -wto 0a1c0eaee39745b288e7c8f0ab1a8a2b --incr --debug typical --relax --mt 2 -L xil_defaultlib -L unisims_ver -L unimacro_ver -L secureip --snapshot i2c_tb_behav xil_defaultlib.i2c_tb xil_defaultlib.glbl -log elaborate.log 
Using 2 slave threads.
Starting static elaboration
Completed static elaboration
Starting simulation data flow analysis
Completed simulation data flow analysis
Time Resolution for simulation is 1ps
Compiling module xil_defaultlib.I2C_master
Compiling module xil_defaultlib.I2C_slave
Compiling module xil_defaultlib.i2c_tb
Compiling module xil_defaultlib.glbl
Built simulation snapshot i2c_tb_behav
INFO: [USF-XSim-69] 'elaborate' step finished in '1' seconds
Vivado Simulator 2019.1
Time resolution is 1 ps
relaunch_sim: Time (s): cpu = 00:00:01 ; elapsed = 00:00:07 . Memory (MB): peak = 1026.422 ; gain = 0.000
relaunch_sim
INFO: [Vivado 12-5682] Launching behavioral simulation in 'E:/Electronics/Vivado/I2C/I2C.sim/sim_1/behav/xsim'
INFO: [SIM-utils-51] Simulation object is 'sim_1'
INFO: [SIM-utils-54] Inspecting design source files for 'i2c_tb' in fileset 'sim_1'...
INFO: [USF-XSim-97] Finding global include files...
INFO: [USF-XSim-98] Fetching design files from 'sim_1'...
INFO: [USF-XSim-2] XSim::Compile design
INFO: [USF-XSim-61] Executing 'COMPILE and ANALYZE' step in 'E:/Electronics/Vivado/I2C/I2C.sim/sim_1/behav/xsim'
"xvlog --incr --relax -prj i2c_tb_vlog.prj"
INFO: [VRFC 10-2263] Analyzing Verilog file "E:/Electronics/Vivado/I2C/I2C.srcs/sources_1/new/I2C_master.v" into library xil_defaultlib
INFO: [VRFC 10-311] analyzing module I2C_master
INFO: [VRFC 10-2263] Analyzing Verilog file "E:/Electronics/Vivado/I2C/I2C.srcs/sources_1/new/I2C_slave.v" into library xil_defaultlib
INFO: [VRFC 10-311] analyzing module I2C_slave
INFO: [VRFC 10-2263] Analyzing Verilog file "E:/Electronics/Vivado/I2C/I2C.srcs/sim_1/new/i2c_tb.v" into library xil_defaultlib
INFO: [VRFC 10-311] analyzing module i2c_tb
INFO: [USF-XSim-69] 'compile' step finished in '1' seconds
INFO: [Vivado 12-5682] Launching behavioral simulation in 'E:/Electronics/Vivado/I2C/I2C.sim/sim_1/behav/xsim'
INFO: [USF-XSim-3] XSim::Elaborate design
INFO: [USF-XSim-61] Executing 'ELABORATE' step in 'E:/Electronics/Vivado/I2C/I2C.sim/sim_1/behav/xsim'
"xelab -wto 0a1c0eaee39745b288e7c8f0ab1a8a2b --incr --debug typical --relax --mt 2 -L xil_defaultlib -L unisims_ver -L unimacro_ver -L secureip --snapshot i2c_tb_behav xil_defaultlib.i2c_tb xil_defaultlib.glbl -log elaborate.log"
Vivado Simulator 2019.1
Copyright 1986-1999, 2001-2019 Xilinx, Inc. All Rights Reserved.
Running: C:/Xilinx/Vivado/2019.1/bin/unwrapped/win64.o/xelab.exe -wto 0a1c0eaee39745b288e7c8f0ab1a8a2b --incr --debug typical --relax --mt 2 -L xil_defaultlib -L unisims_ver -L unimacro_ver -L secureip --snapshot i2c_tb_behav xil_defaultlib.i2c_tb xil_defaultlib.glbl -log elaborate.log 
Using 2 slave threads.
Starting static elaboration
Completed static elaboration
Starting simulation data flow analysis
Completed simulation data flow analysis
Time Resolution for simulation is 1ps
Compiling module xil_defaultlib.I2C_master
Compiling module xil_defaultlib.I2C_slave
Compiling module xil_defaultlib.i2c_tb
Compiling module xil_defaultlib.glbl
Built simulation snapshot i2c_tb_behav
INFO: [USF-XSim-69] 'elaborate' step finished in '2' seconds
Vivado Simulator 2019.1
Time resolution is 1 ps
relaunch_sim: Time (s): cpu = 00:00:02 ; elapsed = 00:00:09 . Memory (MB): peak = 1026.422 ; gain = 0.000
save_wave_config {E:/Electronics/Vivado/I2C/i2c_tb_behav.wcfg}
add_files -fileset sim_1 -norecurse E:/Electronics/Vivado/I2C/i2c_tb_behav.wcfg
set_property xsim.view E:/Electronics/Vivado/I2C/i2c_tb_behav.wcfg [get_filesets sim_1]
relaunch_sim
INFO: [Vivado 12-5682] Launching behavioral simulation in 'E:/Electronics/Vivado/I2C/I2C.sim/sim_1/behav/xsim'
INFO: [SIM-utils-51] Simulation object is 'sim_1'
INFO: [SIM-utils-54] Inspecting design source files for 'i2c_tb' in fileset 'sim_1'...
INFO: [USF-XSim-97] Finding global include files...
INFO: [USF-XSim-98] Fetching design files from 'sim_1'...
INFO: [USF-XSim-2] XSim::Compile design
INFO: [USF-XSim-61] Executing 'COMPILE and ANALYZE' step in 'E:/Electronics/Vivado/I2C/I2C.sim/sim_1/behav/xsim'
"xvlog --incr --relax -prj i2c_tb_vlog.prj"
INFO: [VRFC 10-2263] Analyzing Verilog file "E:/Electronics/Vivado/I2C/I2C.srcs/sources_1/new/I2C_master.v" into library xil_defaultlib
INFO: [VRFC 10-311] analyzing module I2C_master
INFO: [VRFC 10-2263] Analyzing Verilog file "E:/Electronics/Vivado/I2C/I2C.srcs/sources_1/new/I2C_slave.v" into library xil_defaultlib
INFO: [VRFC 10-311] analyzing module I2C_slave
INFO: [VRFC 10-2263] Analyzing Verilog file "E:/Electronics/Vivado/I2C/I2C.srcs/sim_1/new/i2c_tb.v" into library xil_defaultlib
INFO: [VRFC 10-311] analyzing module i2c_tb
INFO: [USF-XSim-69] 'compile' step finished in '1' seconds
INFO: [Vivado 12-5682] Launching behavioral simulation in 'E:/Electronics/Vivado/I2C/I2C.sim/sim_1/behav/xsim'
INFO: [USF-XSim-3] XSim::Elaborate design
INFO: [USF-XSim-61] Executing 'ELABORATE' step in 'E:/Electronics/Vivado/I2C/I2C.sim/sim_1/behav/xsim'
"xelab -wto 0a1c0eaee39745b288e7c8f0ab1a8a2b --incr --debug typical --relax --mt 2 -L xil_defaultlib -L unisims_ver -L unimacro_ver -L secureip --snapshot i2c_tb_behav xil_defaultlib.i2c_tb xil_defaultlib.glbl -log elaborate.log"
Vivado Simulator 2019.1
Copyright 1986-1999, 2001-2019 Xilinx, Inc. All Rights Reserved.
Running: C:/Xilinx/Vivado/2019.1/bin/unwrapped/win64.o/xelab.exe -wto 0a1c0eaee39745b288e7c8f0ab1a8a2b --incr --debug typical --relax --mt 2 -L xil_defaultlib -L unisims_ver -L unimacro_ver -L secureip --snapshot i2c_tb_behav xil_defaultlib.i2c_tb xil_defaultlib.glbl -log elaborate.log 
Using 2 slave threads.
Starting static elaboration
Completed static elaboration
Starting simulation data flow analysis
Completed simulation data flow analysis
Time Resolution for simulation is 1ps
Compiling module xil_defaultlib.I2C_master
Compiling module xil_defaultlib.I2C_slave
Compiling module xil_defaultlib.i2c_tb
Compiling module xil_defaultlib.glbl
Built simulation snapshot i2c_tb_behav
INFO: [USF-XSim-69] 'elaborate' step finished in '1' seconds
Vivado Simulator 2019.1
Time resolution is 1 ps
relaunch_sim: Time (s): cpu = 00:00:01 ; elapsed = 00:00:10 . Memory (MB): peak = 1026.422 ; gain = 0.000
relaunch_sim
INFO: [Vivado 12-5682] Launching behavioral simulation in 'E:/Electronics/Vivado/I2C/I2C.sim/sim_1/behav/xsim'
INFO: [SIM-utils-51] Simulation object is 'sim_1'
INFO: [SIM-utils-54] Inspecting design source files for 'i2c_tb' in fileset 'sim_1'...
INFO: [USF-XSim-97] Finding global include files...
INFO: [USF-XSim-98] Fetching design files from 'sim_1'...
INFO: [USF-XSim-2] XSim::Compile design
INFO: [USF-XSim-61] Executing 'COMPILE and ANALYZE' step in 'E:/Electronics/Vivado/I2C/I2C.sim/sim_1/behav/xsim'
"xvlog --incr --relax -prj i2c_tb_vlog.prj"
INFO: [VRFC 10-2263] Analyzing Verilog file "E:/Electronics/Vivado/I2C/I2C.srcs/sources_1/new/I2C_master.v" into library xil_defaultlib
INFO: [VRFC 10-311] analyzing module I2C_master
INFO: [VRFC 10-2263] Analyzing Verilog file "E:/Electronics/Vivado/I2C/I2C.srcs/sources_1/new/I2C_slave.v" into library xil_defaultlib
INFO: [VRFC 10-311] analyzing module I2C_slave
INFO: [VRFC 10-2263] Analyzing Verilog file "E:/Electronics/Vivado/I2C/I2C.srcs/sim_1/new/i2c_tb.v" into library xil_defaultlib
INFO: [VRFC 10-311] analyzing module i2c_tb
INFO: [USF-XSim-69] 'compile' step finished in '2' seconds
INFO: [Vivado 12-5682] Launching behavioral simulation in 'E:/Electronics/Vivado/I2C/I2C.sim/sim_1/behav/xsim'
INFO: [USF-XSim-3] XSim::Elaborate design
INFO: [USF-XSim-61] Executing 'ELABORATE' step in 'E:/Electronics/Vivado/I2C/I2C.sim/sim_1/behav/xsim'
"xelab -wto 0a1c0eaee39745b288e7c8f0ab1a8a2b --incr --debug typical --relax --mt 2 -L xil_defaultlib -L unisims_ver -L unimacro_ver -L secureip --snapshot i2c_tb_behav xil_defaultlib.i2c_tb xil_defaultlib.glbl -log elaborate.log"
Vivado Simulator 2019.1
Copyright 1986-1999, 2001-2019 Xilinx, Inc. All Rights Reserved.
Running: C:/Xilinx/Vivado/2019.1/bin/unwrapped/win64.o/xelab.exe -wto 0a1c0eaee39745b288e7c8f0ab1a8a2b --incr --debug typical --relax --mt 2 -L xil_defaultlib -L unisims_ver -L unimacro_ver -L secureip --snapshot i2c_tb_behav xil_defaultlib.i2c_tb xil_defaultlib.glbl -log elaborate.log 
Using 2 slave threads.
Starting static elaboration
Completed static elaboration
Starting simulation data flow analysis
Completed simulation data flow analysis
Time Resolution for simulation is 1ps
Compiling module xil_defaultlib.I2C_master
Compiling module xil_defaultlib.I2C_slave
Compiling module xil_defaultlib.i2c_tb
Compiling module xil_defaultlib.glbl
Built simulation snapshot i2c_tb_behav
INFO: [USF-XSim-69] 'elaborate' step finished in '1' seconds
Vivado Simulator 2019.1
Time resolution is 1 ps
relaunch_sim: Time (s): cpu = 00:00:01 ; elapsed = 00:00:08 . Memory (MB): peak = 1026.422 ; gain = 0.000
relaunch_sim
INFO: [Vivado 12-5682] Launching behavioral simulation in 'E:/Electronics/Vivado/I2C/I2C.sim/sim_1/behav/xsim'
INFO: [SIM-utils-51] Simulation object is 'sim_1'
INFO: [SIM-utils-54] Inspecting design source files for 'i2c_tb' in fileset 'sim_1'...
INFO: [USF-XSim-97] Finding global include files...
INFO: [USF-XSim-98] Fetching design files from 'sim_1'...
INFO: [USF-XSim-2] XSim::Compile design
INFO: [USF-XSim-61] Executing 'COMPILE and ANALYZE' step in 'E:/Electronics/Vivado/I2C/I2C.sim/sim_1/behav/xsim'
"xvlog --incr --relax -prj i2c_tb_vlog.prj"
INFO: [USF-XSim-69] 'compile' step finished in '1' seconds
INFO: [Vivado 12-5682] Launching behavioral simulation in 'E:/Electronics/Vivado/I2C/I2C.sim/sim_1/behav/xsim'
INFO: [USF-XSim-3] XSim::Elaborate design
INFO: [USF-XSim-61] Executing 'ELABORATE' step in 'E:/Electronics/Vivado/I2C/I2C.sim/sim_1/behav/xsim'
"xelab -wto 0a1c0eaee39745b288e7c8f0ab1a8a2b --incr --debug typical --relax --mt 2 -L xil_defaultlib -L unisims_ver -L unimacro_ver -L secureip --snapshot i2c_tb_behav xil_defaultlib.i2c_tb xil_defaultlib.glbl -log elaborate.log"
Vivado Simulator 2019.1
Copyright 1986-1999, 2001-2019 Xilinx, Inc. All Rights Reserved.
Running: C:/Xilinx/Vivado/2019.1/bin/unwrapped/win64.o/xelab.exe -wto 0a1c0eaee39745b288e7c8f0ab1a8a2b --incr --debug typical --relax --mt 2 -L xil_defaultlib -L unisims_ver -L unimacro_ver -L secureip --snapshot i2c_tb_behav xil_defaultlib.i2c_tb xil_defaultlib.glbl -log elaborate.log 
Using 2 slave threads.
Starting static elaboration
Completed static elaboration
INFO: [XSIM 43-4323] No Change in HDL. Linking previously generated obj files to create kernel
INFO: [USF-XSim-69] 'elaborate' step finished in '2' seconds
Vivado Simulator 2019.1
Time resolution is 1 ps
relaunch_sim: Time (s): cpu = 00:00:02 ; elapsed = 00:00:08 . Memory (MB): peak = 1026.422 ; gain = 0.000
relaunch_sim
INFO: [Vivado 12-5682] Launching behavioral simulation in 'E:/Electronics/Vivado/I2C/I2C.sim/sim_1/behav/xsim'
INFO: [SIM-utils-51] Simulation object is 'sim_1'
INFO: [SIM-utils-54] Inspecting design source files for 'i2c_tb' in fileset 'sim_1'...
INFO: [USF-XSim-97] Finding global include files...
INFO: [USF-XSim-98] Fetching design files from 'sim_1'...
INFO: [USF-XSim-2] XSim::Compile design
INFO: [USF-XSim-61] Executing 'COMPILE and ANALYZE' step in 'E:/Electronics/Vivado/I2C/I2C.sim/sim_1/behav/xsim'
"xvlog --incr --relax -prj i2c_tb_vlog.prj"
INFO: [VRFC 10-2263] Analyzing Verilog file "E:/Electronics/Vivado/I2C/I2C.srcs/sources_1/new/I2C_master.v" into library xil_defaultlib
INFO: [VRFC 10-311] analyzing module I2C_master
INFO: [VRFC 10-2263] Analyzing Verilog file "E:/Electronics/Vivado/I2C/I2C.srcs/sources_1/new/I2C_slave.v" into library xil_defaultlib
INFO: [VRFC 10-311] analyzing module I2C_slave
INFO: [VRFC 10-2263] Analyzing Verilog file "E:/Electronics/Vivado/I2C/I2C.srcs/sim_1/new/i2c_tb.v" into library xil_defaultlib
INFO: [VRFC 10-311] analyzing module i2c_tb
INFO: [USF-XSim-69] 'compile' step finished in '2' seconds
INFO: [Vivado 12-5682] Launching behavioral simulation in 'E:/Electronics/Vivado/I2C/I2C.sim/sim_1/behav/xsim'
INFO: [USF-XSim-3] XSim::Elaborate design
INFO: [USF-XSim-61] Executing 'ELABORATE' step in 'E:/Electronics/Vivado/I2C/I2C.sim/sim_1/behav/xsim'
"xelab -wto 0a1c0eaee39745b288e7c8f0ab1a8a2b --incr --debug typical --relax --mt 2 -L xil_defaultlib -L unisims_ver -L unimacro_ver -L secureip --snapshot i2c_tb_behav xil_defaultlib.i2c_tb xil_defaultlib.glbl -log elaborate.log"
Vivado Simulator 2019.1
Copyright 1986-1999, 2001-2019 Xilinx, Inc. All Rights Reserved.
Running: C:/Xilinx/Vivado/2019.1/bin/unwrapped/win64.o/xelab.exe -wto 0a1c0eaee39745b288e7c8f0ab1a8a2b --incr --debug typical --relax --mt 2 -L xil_defaultlib -L unisims_ver -L unimacro_ver -L secureip --snapshot i2c_tb_behav xil_defaultlib.i2c_tb xil_defaultlib.glbl -log elaborate.log 
Using 2 slave threads.
Starting static elaboration
Completed static elaboration
Starting simulation data flow analysis
Completed simulation data flow analysis
Time Resolution for simulation is 1ps
Compiling module xil_defaultlib.I2C_master
Compiling module xil_defaultlib.I2C_slave
Compiling module xil_defaultlib.i2c_tb
Compiling module xil_defaultlib.glbl
Built simulation snapshot i2c_tb_behav
INFO: [USF-XSim-69] 'elaborate' step finished in '1' seconds
Vivado Simulator 2019.1
Time resolution is 1 ps
relaunch_sim: Time (s): cpu = 00:00:01 ; elapsed = 00:00:10 . Memory (MB): peak = 1026.422 ; gain = 0.000
relaunch_sim
INFO: [Vivado 12-5682] Launching behavioral simulation in 'E:/Electronics/Vivado/I2C/I2C.sim/sim_1/behav/xsim'
INFO: [SIM-utils-51] Simulation object is 'sim_1'
INFO: [SIM-utils-54] Inspecting design source files for 'i2c_tb' in fileset 'sim_1'...
INFO: [USF-XSim-97] Finding global include files...
INFO: [USF-XSim-98] Fetching design files from 'sim_1'...
INFO: [USF-XSim-2] XSim::Compile design
INFO: [USF-XSim-61] Executing 'COMPILE and ANALYZE' step in 'E:/Electronics/Vivado/I2C/I2C.sim/sim_1/behav/xsim'
"xvlog --incr --relax -prj i2c_tb_vlog.prj"
INFO: [VRFC 10-2263] Analyzing Verilog file "E:/Electronics/Vivado/I2C/I2C.srcs/sources_1/new/I2C_master.v" into library xil_defaultlib
INFO: [VRFC 10-311] analyzing module I2C_master
INFO: [VRFC 10-2263] Analyzing Verilog file "E:/Electronics/Vivado/I2C/I2C.srcs/sources_1/new/I2C_slave.v" into library xil_defaultlib
INFO: [VRFC 10-311] analyzing module I2C_slave
INFO: [VRFC 10-2263] Analyzing Verilog file "E:/Electronics/Vivado/I2C/I2C.srcs/sim_1/new/i2c_tb.v" into library xil_defaultlib
INFO: [VRFC 10-311] analyzing module i2c_tb
INFO: [USF-XSim-69] 'compile' step finished in '1' seconds
INFO: [Vivado 12-5682] Launching behavioral simulation in 'E:/Electronics/Vivado/I2C/I2C.sim/sim_1/behav/xsim'
INFO: [USF-XSim-3] XSim::Elaborate design
INFO: [USF-XSim-61] Executing 'ELABORATE' step in 'E:/Electronics/Vivado/I2C/I2C.sim/sim_1/behav/xsim'
"xelab -wto 0a1c0eaee39745b288e7c8f0ab1a8a2b --incr --debug typical --relax --mt 2 -L xil_defaultlib -L unisims_ver -L unimacro_ver -L secureip --snapshot i2c_tb_behav xil_defaultlib.i2c_tb xil_defaultlib.glbl -log elaborate.log"
Vivado Simulator 2019.1
Copyright 1986-1999, 2001-2019 Xilinx, Inc. All Rights Reserved.
Running: C:/Xilinx/Vivado/2019.1/bin/unwrapped/win64.o/xelab.exe -wto 0a1c0eaee39745b288e7c8f0ab1a8a2b --incr --debug typical --relax --mt 2 -L xil_defaultlib -L unisims_ver -L unimacro_ver -L secureip --snapshot i2c_tb_behav xil_defaultlib.i2c_tb xil_defaultlib.glbl -log elaborate.log 
Using 2 slave threads.
Starting static elaboration
Completed static elaboration
Starting simulation data flow analysis
Completed simulation data flow analysis
Time Resolution for simulation is 1ps
Compiling module xil_defaultlib.I2C_master
Compiling module xil_defaultlib.I2C_slave
Compiling module xil_defaultlib.i2c_tb
Compiling module xil_defaultlib.glbl
Built simulation snapshot i2c_tb_behav
INFO: [USF-XSim-69] 'elaborate' step finished in '1' seconds
Vivado Simulator 2019.1
Time resolution is 1 ps
relaunch_sim: Time (s): cpu = 00:00:01 ; elapsed = 00:00:08 . Memory (MB): peak = 1026.422 ; gain = 0.000
relaunch_sim
INFO: [Vivado 12-5682] Launching behavioral simulation in 'E:/Electronics/Vivado/I2C/I2C.sim/sim_1/behav/xsim'
INFO: [SIM-utils-51] Simulation object is 'sim_1'
INFO: [SIM-utils-54] Inspecting design source files for 'i2c_tb' in fileset 'sim_1'...
INFO: [USF-XSim-97] Finding global include files...
INFO: [USF-XSim-98] Fetching design files from 'sim_1'...
INFO: [USF-XSim-2] XSim::Compile design
INFO: [USF-XSim-61] Executing 'COMPILE and ANALYZE' step in 'E:/Electronics/Vivado/I2C/I2C.sim/sim_1/behav/xsim'
"xvlog --incr --relax -prj i2c_tb_vlog.prj"
INFO: [VRFC 10-2263] Analyzing Verilog file "E:/Electronics/Vivado/I2C/I2C.srcs/sources_1/new/I2C_master.v" into library xil_defaultlib
INFO: [VRFC 10-311] analyzing module I2C_master
INFO: [VRFC 10-2263] Analyzing Verilog file "E:/Electronics/Vivado/I2C/I2C.srcs/sources_1/new/I2C_slave.v" into library xil_defaultlib
INFO: [VRFC 10-311] analyzing module I2C_slave
INFO: [VRFC 10-2263] Analyzing Verilog file "E:/Electronics/Vivado/I2C/I2C.srcs/sim_1/new/i2c_tb.v" into library xil_defaultlib
INFO: [VRFC 10-311] analyzing module i2c_tb
INFO: [USF-XSim-69] 'compile' step finished in '1' seconds
INFO: [Vivado 12-5682] Launching behavioral simulation in 'E:/Electronics/Vivado/I2C/I2C.sim/sim_1/behav/xsim'
INFO: [USF-XSim-3] XSim::Elaborate design
INFO: [USF-XSim-61] Executing 'ELABORATE' step in 'E:/Electronics/Vivado/I2C/I2C.sim/sim_1/behav/xsim'
"xelab -wto 0a1c0eaee39745b288e7c8f0ab1a8a2b --incr --debug typical --relax --mt 2 -L xil_defaultlib -L unisims_ver -L unimacro_ver -L secureip --snapshot i2c_tb_behav xil_defaultlib.i2c_tb xil_defaultlib.glbl -log elaborate.log"
Vivado Simulator 2019.1
Copyright 1986-1999, 2001-2019 Xilinx, Inc. All Rights Reserved.
Running: C:/Xilinx/Vivado/2019.1/bin/unwrapped/win64.o/xelab.exe -wto 0a1c0eaee39745b288e7c8f0ab1a8a2b --incr --debug typical --relax --mt 2 -L xil_defaultlib -L unisims_ver -L unimacro_ver -L secureip --snapshot i2c_tb_behav xil_defaultlib.i2c_tb xil_defaultlib.glbl -log elaborate.log 
Using 2 slave threads.
Starting static elaboration
Completed static elaboration
Starting simulation data flow analysis
Completed simulation data flow analysis
Time Resolution for simulation is 1ps
Compiling module xil_defaultlib.I2C_master
Compiling module xil_defaultlib.I2C_slave
Compiling module xil_defaultlib.i2c_tb
Compiling module xil_defaultlib.glbl
Built simulation snapshot i2c_tb_behav
INFO: [USF-XSim-69] 'elaborate' step finished in '2' seconds
Vivado Simulator 2019.1
Time resolution is 1 ps
relaunch_sim: Time (s): cpu = 00:00:01 ; elapsed = 00:00:10 . Memory (MB): peak = 1026.422 ; gain = 0.000
relaunch_sim
INFO: [Vivado 12-5682] Launching behavioral simulation in 'E:/Electronics/Vivado/I2C/I2C.sim/sim_1/behav/xsim'
INFO: [SIM-utils-51] Simulation object is 'sim_1'
INFO: [SIM-utils-54] Inspecting design source files for 'i2c_tb' in fileset 'sim_1'...
INFO: [USF-XSim-97] Finding global include files...
INFO: [USF-XSim-98] Fetching design files from 'sim_1'...
INFO: [USF-XSim-2] XSim::Compile design
INFO: [USF-XSim-61] Executing 'COMPILE and ANALYZE' step in 'E:/Electronics/Vivado/I2C/I2C.sim/sim_1/behav/xsim'
"xvlog --incr --relax -prj i2c_tb_vlog.prj"
INFO: [VRFC 10-2263] Analyzing Verilog file "E:/Electronics/Vivado/I2C/I2C.srcs/sources_1/new/I2C_master.v" into library xil_defaultlib
INFO: [VRFC 10-311] analyzing module I2C_master
INFO: [VRFC 10-2263] Analyzing Verilog file "E:/Electronics/Vivado/I2C/I2C.srcs/sources_1/new/I2C_slave.v" into library xil_defaultlib
INFO: [VRFC 10-311] analyzing module I2C_slave
INFO: [VRFC 10-2263] Analyzing Verilog file "E:/Electronics/Vivado/I2C/I2C.srcs/sim_1/new/i2c_tb.v" into library xil_defaultlib
INFO: [VRFC 10-311] analyzing module i2c_tb
INFO: [USF-XSim-69] 'compile' step finished in '2' seconds
INFO: [Vivado 12-5682] Launching behavioral simulation in 'E:/Electronics/Vivado/I2C/I2C.sim/sim_1/behav/xsim'
INFO: [USF-XSim-3] XSim::Elaborate design
INFO: [USF-XSim-61] Executing 'ELABORATE' step in 'E:/Electronics/Vivado/I2C/I2C.sim/sim_1/behav/xsim'
"xelab -wto 0a1c0eaee39745b288e7c8f0ab1a8a2b --incr --debug typical --relax --mt 2 -L xil_defaultlib -L unisims_ver -L unimacro_ver -L secureip --snapshot i2c_tb_behav xil_defaultlib.i2c_tb xil_defaultlib.glbl -log elaborate.log"
Vivado Simulator 2019.1
Copyright 1986-1999, 2001-2019 Xilinx, Inc. All Rights Reserved.
Running: C:/Xilinx/Vivado/2019.1/bin/unwrapped/win64.o/xelab.exe -wto 0a1c0eaee39745b288e7c8f0ab1a8a2b --incr --debug typical --relax --mt 2 -L xil_defaultlib -L unisims_ver -L unimacro_ver -L secureip --snapshot i2c_tb_behav xil_defaultlib.i2c_tb xil_defaultlib.glbl -log elaborate.log 
Using 2 slave threads.
Starting static elaboration
Completed static elaboration
Starting simulation data flow analysis
Completed simulation data flow analysis
Time Resolution for simulation is 1ps
Compiling module xil_defaultlib.I2C_master
Compiling module xil_defaultlib.I2C_slave
Compiling module xil_defaultlib.i2c_tb
Compiling module xil_defaultlib.glbl
Built simulation snapshot i2c_tb_behav
INFO: [USF-XSim-69] 'elaborate' step finished in '1' seconds
Vivado Simulator 2019.1
Time resolution is 1 ps
relaunch_sim: Time (s): cpu = 00:00:01 ; elapsed = 00:00:08 . Memory (MB): peak = 1026.422 ; gain = 0.000
relaunch_sim
INFO: [Vivado 12-5682] Launching behavioral simulation in 'E:/Electronics/Vivado/I2C/I2C.sim/sim_1/behav/xsim'
INFO: [SIM-utils-51] Simulation object is 'sim_1'
INFO: [SIM-utils-54] Inspecting design source files for 'i2c_tb' in fileset 'sim_1'...
INFO: [USF-XSim-97] Finding global include files...
INFO: [USF-XSim-98] Fetching design files from 'sim_1'...
INFO: [USF-XSim-2] XSim::Compile design
INFO: [USF-XSim-61] Executing 'COMPILE and ANALYZE' step in 'E:/Electronics/Vivado/I2C/I2C.sim/sim_1/behav/xsim'
"xvlog --incr --relax -prj i2c_tb_vlog.prj"
INFO: [USF-XSim-69] 'compile' step finished in '1' seconds
INFO: [Vivado 12-5682] Launching behavioral simulation in 'E:/Electronics/Vivado/I2C/I2C.sim/sim_1/behav/xsim'
INFO: [USF-XSim-3] XSim::Elaborate design
INFO: [USF-XSim-61] Executing 'ELABORATE' step in 'E:/Electronics/Vivado/I2C/I2C.sim/sim_1/behav/xsim'
"xelab -wto 0a1c0eaee39745b288e7c8f0ab1a8a2b --incr --debug typical --relax --mt 2 -L xil_defaultlib -L unisims_ver -L unimacro_ver -L secureip --snapshot i2c_tb_behav xil_defaultlib.i2c_tb xil_defaultlib.glbl -log elaborate.log"
Vivado Simulator 2019.1
Copyright 1986-1999, 2001-2019 Xilinx, Inc. All Rights Reserved.
Running: C:/Xilinx/Vivado/2019.1/bin/unwrapped/win64.o/xelab.exe -wto 0a1c0eaee39745b288e7c8f0ab1a8a2b --incr --debug typical --relax --mt 2 -L xil_defaultlib -L unisims_ver -L unimacro_ver -L secureip --snapshot i2c_tb_behav xil_defaultlib.i2c_tb xil_defaultlib.glbl -log elaborate.log 
Using 2 slave threads.
Starting static elaboration
Completed static elaboration
INFO: [XSIM 43-4323] No Change in HDL. Linking previously generated obj files to create kernel
INFO: [USF-XSim-69] 'elaborate' step finished in '1' seconds
Vivado Simulator 2019.1
Time resolution is 1 ps
relaunch_sim: Time (s): cpu = 00:00:01 ; elapsed = 00:00:08 . Memory (MB): peak = 1026.422 ; gain = 0.000
relaunch_sim
INFO: [Vivado 12-5682] Launching behavioral simulation in 'E:/Electronics/Vivado/I2C/I2C.sim/sim_1/behav/xsim'
INFO: [SIM-utils-51] Simulation object is 'sim_1'
INFO: [SIM-utils-54] Inspecting design source files for 'i2c_tb' in fileset 'sim_1'...
INFO: [USF-XSim-97] Finding global include files...
INFO: [USF-XSim-98] Fetching design files from 'sim_1'...
INFO: [USF-XSim-2] XSim::Compile design
INFO: [USF-XSim-61] Executing 'COMPILE and ANALYZE' step in 'E:/Electronics/Vivado/I2C/I2C.sim/sim_1/behav/xsim'
"xvlog --incr --relax -prj i2c_tb_vlog.prj"
INFO: [USF-XSim-69] 'compile' step finished in '2' seconds
INFO: [Vivado 12-5682] Launching behavioral simulation in 'E:/Electronics/Vivado/I2C/I2C.sim/sim_1/behav/xsim'
INFO: [USF-XSim-3] XSim::Elaborate design
INFO: [USF-XSim-61] Executing 'ELABORATE' step in 'E:/Electronics/Vivado/I2C/I2C.sim/sim_1/behav/xsim'
"xelab -wto 0a1c0eaee39745b288e7c8f0ab1a8a2b --incr --debug typical --relax --mt 2 -L xil_defaultlib -L unisims_ver -L unimacro_ver -L secureip --snapshot i2c_tb_behav xil_defaultlib.i2c_tb xil_defaultlib.glbl -log elaborate.log"
Vivado Simulator 2019.1
Copyright 1986-1999, 2001-2019 Xilinx, Inc. All Rights Reserved.
Running: C:/Xilinx/Vivado/2019.1/bin/unwrapped/win64.o/xelab.exe -wto 0a1c0eaee39745b288e7c8f0ab1a8a2b --incr --debug typical --relax --mt 2 -L xil_defaultlib -L unisims_ver -L unimacro_ver -L secureip --snapshot i2c_tb_behav xil_defaultlib.i2c_tb xil_defaultlib.glbl -log elaborate.log 
Using 2 slave threads.
Starting static elaboration
Completed static elaboration
INFO: [XSIM 43-4323] No Change in HDL. Linking previously generated obj files to create kernel
INFO: [USF-XSim-69] 'elaborate' step finished in '1' seconds
Vivado Simulator 2019.1
Time resolution is 1 ps
relaunch_sim: Time (s): cpu = 00:00:02 ; elapsed = 00:00:08 . Memory (MB): peak = 1026.422 ; gain = 0.000
relaunch_sim
INFO: [Vivado 12-5682] Launching behavioral simulation in 'E:/Electronics/Vivado/I2C/I2C.sim/sim_1/behav/xsim'
INFO: [SIM-utils-51] Simulation object is 'sim_1'
INFO: [SIM-utils-54] Inspecting design source files for 'i2c_tb' in fileset 'sim_1'...
INFO: [USF-XSim-97] Finding global include files...
INFO: [USF-XSim-98] Fetching design files from 'sim_1'...
INFO: [USF-XSim-2] XSim::Compile design
INFO: [USF-XSim-61] Executing 'COMPILE and ANALYZE' step in 'E:/Electronics/Vivado/I2C/I2C.sim/sim_1/behav/xsim'
"xvlog --incr --relax -prj i2c_tb_vlog.prj"
INFO: [USF-XSim-69] 'compile' step finished in '2' seconds
INFO: [Vivado 12-5682] Launching behavioral simulation in 'E:/Electronics/Vivado/I2C/I2C.sim/sim_1/behav/xsim'
INFO: [USF-XSim-3] XSim::Elaborate design
INFO: [USF-XSim-61] Executing 'ELABORATE' step in 'E:/Electronics/Vivado/I2C/I2C.sim/sim_1/behav/xsim'
"xelab -wto 0a1c0eaee39745b288e7c8f0ab1a8a2b --incr --debug typical --relax --mt 2 -L xil_defaultlib -L unisims_ver -L unimacro_ver -L secureip --snapshot i2c_tb_behav xil_defaultlib.i2c_tb xil_defaultlib.glbl -log elaborate.log"
Vivado Simulator 2019.1
Copyright 1986-1999, 2001-2019 Xilinx, Inc. All Rights Reserved.
Running: C:/Xilinx/Vivado/2019.1/bin/unwrapped/win64.o/xelab.exe -wto 0a1c0eaee39745b288e7c8f0ab1a8a2b --incr --debug typical --relax --mt 2 -L xil_defaultlib -L unisims_ver -L unimacro_ver -L secureip --snapshot i2c_tb_behav xil_defaultlib.i2c_tb xil_defaultlib.glbl -log elaborate.log 
Using 2 slave threads.
Starting static elaboration
Completed static elaboration
INFO: [XSIM 43-4323] No Change in HDL. Linking previously generated obj files to create kernel
INFO: [USF-XSim-69] 'elaborate' step finished in '1' seconds
Vivado Simulator 2019.1
Time resolution is 1 ps
relaunch_sim: Time (s): cpu = 00:00:02 ; elapsed = 00:00:08 . Memory (MB): peak = 1026.422 ; gain = 0.000
relaunch_sim
INFO: [Vivado 12-5682] Launching behavioral simulation in 'E:/Electronics/Vivado/I2C/I2C.sim/sim_1/behav/xsim'
INFO: [SIM-utils-51] Simulation object is 'sim_1'
INFO: [SIM-utils-54] Inspecting design source files for 'i2c_tb' in fileset 'sim_1'...
INFO: [USF-XSim-97] Finding global include files...
INFO: [USF-XSim-98] Fetching design files from 'sim_1'...
INFO: [USF-XSim-2] XSim::Compile design
INFO: [USF-XSim-61] Executing 'COMPILE and ANALYZE' step in 'E:/Electronics/Vivado/I2C/I2C.sim/sim_1/behav/xsim'
"xvlog --incr --relax -prj i2c_tb_vlog.prj"
INFO: [VRFC 10-2263] Analyzing Verilog file "E:/Electronics/Vivado/I2C/I2C.srcs/sources_1/new/I2C_master.v" into library xil_defaultlib
INFO: [VRFC 10-311] analyzing module I2C_master
INFO: [VRFC 10-2263] Analyzing Verilog file "E:/Electronics/Vivado/I2C/I2C.srcs/sources_1/new/I2C_slave.v" into library xil_defaultlib
INFO: [VRFC 10-311] analyzing module I2C_slave
INFO: [VRFC 10-2263] Analyzing Verilog file "E:/Electronics/Vivado/I2C/I2C.srcs/sim_1/new/i2c_tb.v" into library xil_defaultlib
INFO: [VRFC 10-311] analyzing module i2c_tb
INFO: [USF-XSim-69] 'compile' step finished in '1' seconds
INFO: [Vivado 12-5682] Launching behavioral simulation in 'E:/Electronics/Vivado/I2C/I2C.sim/sim_1/behav/xsim'
INFO: [USF-XSim-3] XSim::Elaborate design
INFO: [USF-XSim-61] Executing 'ELABORATE' step in 'E:/Electronics/Vivado/I2C/I2C.sim/sim_1/behav/xsim'
"xelab -wto 0a1c0eaee39745b288e7c8f0ab1a8a2b --incr --debug typical --relax --mt 2 -L xil_defaultlib -L unisims_ver -L unimacro_ver -L secureip --snapshot i2c_tb_behav xil_defaultlib.i2c_tb xil_defaultlib.glbl -log elaborate.log"
Vivado Simulator 2019.1
Copyright 1986-1999, 2001-2019 Xilinx, Inc. All Rights Reserved.
Running: C:/Xilinx/Vivado/2019.1/bin/unwrapped/win64.o/xelab.exe -wto 0a1c0eaee39745b288e7c8f0ab1a8a2b --incr --debug typical --relax --mt 2 -L xil_defaultlib -L unisims_ver -L unimacro_ver -L secureip --snapshot i2c_tb_behav xil_defaultlib.i2c_tb xil_defaultlib.glbl -log elaborate.log 
Using 2 slave threads.
Starting static elaboration
Completed static elaboration
Starting simulation data flow analysis
Completed simulation data flow analysis
Time Resolution for simulation is 1ps
Compiling module xil_defaultlib.I2C_master
Compiling module xil_defaultlib.I2C_slave
Compiling module xil_defaultlib.i2c_tb
Compiling module xil_defaultlib.glbl
Built simulation snapshot i2c_tb_behav
INFO: [USF-XSim-69] 'elaborate' step finished in '2' seconds
Vivado Simulator 2019.1
Time resolution is 1 ps
relaunch_sim: Time (s): cpu = 00:00:01 ; elapsed = 00:00:10 . Memory (MB): peak = 1026.422 ; gain = 0.000
relaunch_sim
INFO: [Vivado 12-5682] Launching behavioral simulation in 'E:/Electronics/Vivado/I2C/I2C.sim/sim_1/behav/xsim'
INFO: [SIM-utils-51] Simulation object is 'sim_1'
INFO: [SIM-utils-54] Inspecting design source files for 'i2c_tb' in fileset 'sim_1'...
INFO: [USF-XSim-97] Finding global include files...
INFO: [USF-XSim-98] Fetching design files from 'sim_1'...
INFO: [USF-XSim-2] XSim::Compile design
INFO: [USF-XSim-61] Executing 'COMPILE and ANALYZE' step in 'E:/Electronics/Vivado/I2C/I2C.sim/sim_1/behav/xsim'
"xvlog --incr --relax -prj i2c_tb_vlog.prj"
INFO: [VRFC 10-2263] Analyzing Verilog file "E:/Electronics/Vivado/I2C/I2C.srcs/sources_1/new/I2C_master.v" into library xil_defaultlib
INFO: [VRFC 10-311] analyzing module I2C_master
INFO: [VRFC 10-2263] Analyzing Verilog file "E:/Electronics/Vivado/I2C/I2C.srcs/sources_1/new/I2C_slave.v" into library xil_defaultlib
INFO: [VRFC 10-311] analyzing module I2C_slave
INFO: [VRFC 10-2263] Analyzing Verilog file "E:/Electronics/Vivado/I2C/I2C.srcs/sim_1/new/i2c_tb.v" into library xil_defaultlib
INFO: [VRFC 10-311] analyzing module i2c_tb
INFO: [USF-XSim-69] 'compile' step finished in '2' seconds
INFO: [Vivado 12-5682] Launching behavioral simulation in 'E:/Electronics/Vivado/I2C/I2C.sim/sim_1/behav/xsim'
INFO: [USF-XSim-3] XSim::Elaborate design
INFO: [USF-XSim-61] Executing 'ELABORATE' step in 'E:/Electronics/Vivado/I2C/I2C.sim/sim_1/behav/xsim'
"xelab -wto 0a1c0eaee39745b288e7c8f0ab1a8a2b --incr --debug typical --relax --mt 2 -L xil_defaultlib -L unisims_ver -L unimacro_ver -L secureip --snapshot i2c_tb_behav xil_defaultlib.i2c_tb xil_defaultlib.glbl -log elaborate.log"
Vivado Simulator 2019.1
Copyright 1986-1999, 2001-2019 Xilinx, Inc. All Rights Reserved.
Running: C:/Xilinx/Vivado/2019.1/bin/unwrapped/win64.o/xelab.exe -wto 0a1c0eaee39745b288e7c8f0ab1a8a2b --incr --debug typical --relax --mt 2 -L xil_defaultlib -L unisims_ver -L unimacro_ver -L secureip --snapshot i2c_tb_behav xil_defaultlib.i2c_tb xil_defaultlib.glbl -log elaborate.log 
Using 2 slave threads.
Starting static elaboration
Completed static elaboration
Starting simulation data flow analysis
Completed simulation data flow analysis
Time Resolution for simulation is 1ps
Compiling module xil_defaultlib.I2C_master
Compiling module xil_defaultlib.I2C_slave
Compiling module xil_defaultlib.i2c_tb
Compiling module xil_defaultlib.glbl
Built simulation snapshot i2c_tb_behav
INFO: [USF-XSim-69] 'elaborate' step finished in '1' seconds
Vivado Simulator 2019.1
Time resolution is 1 ps
relaunch_sim: Time (s): cpu = 00:00:01 ; elapsed = 00:00:09 . Memory (MB): peak = 1026.422 ; gain = 0.000
relaunch_sim
